<?xml version="1.0" encoding="UTF-8"?>
<!-- Generated by org.testng.reporters.JUnitXMLReporter -->
<testsuite ignored="0" hostname="DESKTOP-4LTBBG9" failures="0" tests="10" name="API Test" time="32.631" errors="0" timestamp="2025-03-28T06:32:59 EDT">
  <testcase classname="com.sb.auto.OrangeHRMSpringBootAutomation.api.UserAPITest" name="createNewUserTest" time="3.296"/>
  <testcase classname="com.sb.auto.OrangeHRMSpringBootAutomation.api.UserAPITest" name="deleteUserTest" time="0.646"/>
  <testcase classname="com.sb.auto.OrangeHRMSpringBootAutomation.api.UserAPITest" name="getUserDetailsTest" time="0.403"/>
  <testcase classname="com.sb.auto.OrangeHRMSpringBootAutomation.api.UserAPITest" name="updateUserTest" time="0.781"/>
  <testcase classname="com.sb.auto.OrangeHRMSpringBootAutomation.api.BookingAPITest" name="healthCheckTest" time="1.548"/>
  <testcase classname="com.sb.auto.OrangeHRMSpringBootAutomation.api.BookingAPITest" name="getBookingIDsTest" time="1.375"/>
  <testcase classname="com.sb.auto.OrangeHRMSpringBootAutomation.api.BookingAPITest" name="getBookingTest" time="1.442"/>
  <testcase classname="com.sb.auto.OrangeHRMSpringBootAutomation.api.BookingAPITest" name="createBookingTest" time="4.511"/>
  <testcase classname="com.sb.auto.OrangeHRMSpringBootAutomation.api.BookingAPITest" name="updateBookingTest" time="1.463"/>
  <testcase classname="com.sb.auto.OrangeHRMSpringBootAutomation.api.BookingAPITest" name="deleteBookingTest" time="1.535"/>
</testsuite> <!-- API Test -->
