<?xml version="1.0" encoding="UTF-8"?>
<testsuite xmlns:xsi="http://www.w3.org/2001/XMLSchema-instance" xsi:noNamespaceSchemaLocation="https://maven.apache.org/surefire/maven-surefire-plugin/xsd/surefire-test-report.xsd" version="3.0.2" name="TestSuite" time="39.565" tests="10" errors="0" skipped="0" failures="0">
  <properties>
[...]
</properties>
  <testcase name="createNewUserTest" classname="com.sb.auto.OrangeHRMSpringBootAutomation.api.UserAPITest" time="3.314">
    <system-out><![CDATA[2025-03-28T10:32:22.188585300Z main DEBUG Apache Log4j Core 2.24 initializing configuration XmlConfiguration[location=D:\Niraj\Work\Spring Boot UI API Automation\SpringBootUIApiAutomation\target\test-classes\log4j2.xml, lastModified=2025-03-24T15:37:32.426Z]
2025-03-28T10:32:22.215780400Z main DEBUG PluginManager 'Core' found 134 plugins
2025-03-28T10:32:22.216772900Z main DEBUG PluginManager 'Level' found 0 plugins
2025-03-28T10:32:22.234235100Z main DEBUG PluginManager 'Lookup' found 17 plugins
2025-03-28T10:32:22.253222600Z main DEBUG Building Plugin[name=layout, class=org.apache.logging.log4j.core.layout.PatternLayout].
2025-03-28T10:32:22.319184400Z main DEBUG PluginManager 'TypeConverter' found 26 plugins
2025-03-28T10:32:22.349742500Z main DEBUG PatternLayout$Builder(pattern="%d{yyyy-MM-dd HH:mm:ss} [%t] %-5level %logger{36} - %msg%n", PatternSelector=null, Configuration(D:\Niraj\Work\Spring Boot UI API Automation\SpringBootUIApiAutomation\target\test-classes\log4j2.xml), Replace=null, charset="null", alwaysWriteExceptions="null", disableAnsi="null", noConsoleNoAnsi="null", header="null", footer="null")
2025-03-28T10:32:22.349742500Z main DEBUG PluginManager 'Converter' found 50 plugins
2025-03-28T10:32:22.356787400Z main DEBUG Building Plugin[name=appender, class=org.apache.logging.log4j.core.appender.ConsoleAppender].
2025-03-28T10:32:22.367762Z main DEBUG ConsoleAppender$Builder(target="SYSTEM_OUT", follow="null", direct="null", bufferedIo="null", bufferSize="null", immediateFlush="null", ignoreExceptions="null", PatternLayout(%d{yyyy-MM-dd HH:mm:ss} [%t] %-5level %logger{36} - %msg%n), name="Console", Configuration(D:\Niraj\Work\Spring Boot UI API Automation\SpringBootUIApiAutomation\target\test-classes\log4j2.xml), Filter=null, ={})
2025-03-28T10:32:22.371776Z main DEBUG Starting OutputStreamManager SYSTEM_OUT.false.false
2025-03-28T10:32:22.371776Z main DEBUG Building Plugin[name=layout, class=org.apache.logging.log4j.core.layout.PatternLayout].
2025-03-28T10:32:22.372759Z main DEBUG PatternLayout$Builder(pattern="%d{yyyy-MM-dd HH:mm:ss} [%t] %-5level %logger{36} - %msg%n", PatternSelector=null, Configuration(D:\Niraj\Work\Spring Boot UI API Automation\SpringBootUIApiAutomation\target\test-classes\log4j2.xml), Replace=null, charset="null", alwaysWriteExceptions="null", disableAnsi="null", noConsoleNoAnsi="null", header="null", footer="null")
2025-03-28T10:32:22.375263100Z main DEBUG Building Plugin[name=appender, class=com.epam.ta.reportportal.log4j.appender.ReportPortalLog4j2Appender].
2025-03-28T10:32:22.393089300Z main DEBUG createAppender(name="ReportPortalAppender", filter=null, PatternLayout(%d{yyyy-MM-dd HH:mm:ss} [%t] %-5level %logger{36} - %msg%n))
2025-03-28T10:32:22.393089300Z main DEBUG Building Plugin[name=Appenders, class=org.apache.logging.log4j.core.config.AppendersPlugin].
2025-03-28T10:32:22.394090200Z main DEBUG createAppenders(={Console, ReportPortalAppender})
2025-03-28T10:32:22.395091800Z main DEBUG Building Plugin[name=Property, class=org.apache.logging.log4j.core.config.Property].
2025-03-28T10:32:22.406487700Z main DEBUG createProperty(name="log4j.encoding", value="UTF-8", Configuration(D:\Niraj\Work\Spring Boot UI API Automation\SpringBootUIApiAutomation\target\test-classes\log4j2.xml))
2025-03-28T10:32:22.409496900Z main DEBUG Building Plugin[name=AppenderRef, class=org.apache.logging.log4j.core.config.AppenderRef].
2025-03-28T10:32:22.410482100Z main DEBUG createAppenderRef(ref="Console", level="null", Filter=null)
2025-03-28T10:32:22.410482100Z main DEBUG Building Plugin[name=AppenderRef, class=org.apache.logging.log4j.core.config.AppenderRef].
2025-03-28T10:32:22.412483500Z main DEBUG createAppenderRef(ref="ReportPortalAppender", level="null", Filter=null)
2025-03-28T10:32:22.412483500Z main DEBUG Building Plugin[name=Root, class=org.apache.logging.log4j.core.config.LoggerConfig$RootLogger].
2025-03-28T10:32:22.421029100Z main DEBUG LoggerConfig$RootLogger$Builder(additivity="null", level="DEBUG", levelAndRefs="null", includeLocation="null", ={Console, ReportPortalAppender}, ={}, Configuration(D:\Niraj\Work\Spring Boot UI API Automation\SpringBootUIApiAutomation\target\test-classes\log4j2.xml), Filter=null)
2025-03-28T10:32:22.454509700Z main DEBUG Building Plugin[name=Loggers, class=org.apache.logging.log4j.core.config.LoggersPlugin].
2025-03-28T10:32:22.461521800Z main ERROR Loggers has no parameter that matches element Property
2025-03-28T10:32:22.462614200Z main DEBUG createLoggers(={root})
2025-03-28T10:32:22.464822800Z main DEBUG Configuration XmlConfiguration[location=D:\Niraj\Work\Spring Boot UI API Automation\SpringBootUIApiAutomation\target\test-classes\log4j2.xml, lastModified=2025-03-24T15:37:32.426Z] initialized
2025-03-28T10:32:22.466809600Z main INFO Starting configuration XmlConfiguration[location=D:\Niraj\Work\Spring Boot UI API Automation\SpringBootUIApiAutomation\target\test-classes\log4j2.xml, lastModified=2025-03-24T15:37:32.426Z]...
2025-03-28T10:32:22.468176100Z main INFO Start watching for changes to D:\Niraj\Work\Spring Boot UI API Automation\SpringBootUIApiAutomation\target\test-classes\log4j2.xml every 0 seconds
2025-03-28T10:32:22.470335700Z main INFO Configuration XmlConfiguration[location=D:\Niraj\Work\Spring Boot UI API Automation\SpringBootUIApiAutomation\target\test-classes\log4j2.xml, lastModified=2025-03-24T15:37:32.426Z] started.
2025-03-28T10:32:22.496035700Z main INFO Stopping configuration org.apache.logging.log4j.core.config.DefaultConfiguration@408d971b...
2025-03-28T10:32:22.498079500Z main DEBUG Shutting down OutputStreamManager SYSTEM_OUT.false.false-1
2025-03-28T10:32:22.500059600Z main DEBUG OutputStream closed
2025-03-28T10:32:22.501847200Z main DEBUG Shut down OutputStreamManager SYSTEM_OUT.false.false-1, all resources released: true
2025-03-28T10:32:22.503020800Z main DEBUG Appender DefaultConsole-1 stopped with status true
2025-03-28T10:32:22.503020800Z main INFO Configuration org.apache.logging.log4j.core.config.DefaultConfiguration@408d971b stopped.
2025-03-28T10:32:22.558446100Z main DEBUG org.apache.logging.log4j.core.util.SystemClock supports precise timestamps.
2025-03-28T10:32:22.559750500Z main DEBUG Reconfiguration complete for context[name=c387f44] at URI D:\Niraj\Work\Spring Boot UI API Automation\SpringBootUIApiAutomation\target\test-classes\log4j2.xml (org.apache.logging.log4j.core.LoggerContext@1f760b47) with optional ClassLoader: null
2025-03-28T10:32:22.560967Z main DEBUG Shutdown hook enabled. Registering a new one.
2025-03-28T10:32:22.564976500Z main DEBUG LoggerContext[name=c387f44, org.apache.logging.log4j.core.LoggerContext@1f760b47] started OK.
2025-03-28 06:32:22 [main] DEBUG org.testng.TestNG - suiteXmlPath: "D:\Niraj\Work\Spring Boot UI API Automation\SpringBootUIApiAutomation\testng.xml"
2025-03-28T10:32:22.666494500Z main DEBUG AsyncLogger.ThreadNameStrategy=UNCACHED (user specified null, default is UNCACHED)
2025-03-28T10:32:22.667493600Z main DEBUG org.apache.logging.log4j.core.util.SystemClock supports precise timestamps.
2025-03-28 06:32:23 [main] WARN  com.epam.reportportal.testng.BaseTestNGListener - WARNING! More than one ReportPortal listener is added
WARNING! More than one ReportPortal listener is added
2025-03-28 06:32:23 [main] WARN  org.testng.TestNG - Ignoring duplicate listener : com.epam.reportportal.testng.ReportPortalTestNGListener
2025-03-28 06:32:23 [main] WARN  org.testng.TestNG - Ignoring duplicate listener : com.epam.reportportal.testng.ReportPortalTestNGListener
2025-03-28 06:32:23 [main] INFO  com.epam.reportportal.service.Launch - Rerun: false
2025-03-28 06:32:24 [main] INFO  com.sb.auto.OrangeHRMSpringBootAutomation.framework.listener.ReportPortalExecutionListener - Inform all the suite have started execution at: 1743157944071
2025-03-28 06:32:24 [main] INFO  com.epam.reportportal.service.Launch - Rerun: false
2025-03-28 06:32:24 [main] DEBUG com.epam.reportportal.utils.SubscriptionUtils - Launch start successfully completed
2025-03-28 06:32:24 [main] INFO  com.sb.auto.OrangeHRMSpringBootAutomation.framework.listener.ReportPortalExecutionListener - ? ReportPortal Launch started
...
... TestNG 7.11.0 by Cédric Beust (cedric@beust.com)
...

2025-03-28 06:32:24 [rp-io-2] DEBUG com.epam.reportportal.service.Launch - ReportPortal launch with ID '8ae7d89f-b727-432c-932a-26ae93dd5fe0' has been created
2025-03-28 06:32:24 [rp-io-2] DEBUG com.epam.reportportal.utils.SubscriptionUtils - Launch start successfully completed
2025-03-28 06:32:25 [main] DEBUG org.springframework.boot.test.context.SpringBootTestContextBootstrapper - Neither @ContextConfiguration nor @ContextHierarchy found for test class [UserAPITest]: using SpringBootContextLoader
2025-03-28 06:32:25 [main] DEBUG org.springframework.test.context.support.AbstractContextLoader - Could not detect default resource locations for test class [com.sb.auto.OrangeHRMSpringBootAutomation.api.UserAPITest]: no resource found for suffixes {-context.xml, Context.groovy}.
2025-03-28 06:32:25 [main] INFO  org.springframework.test.context.support.AnnotationConfigContextLoaderUtils - Could not detect default configuration classes for test class [com.sb.auto.OrangeHRMSpringBootAutomation.api.UserAPITest]: UserAPITest does not declare any static, non-private, non-final, nested classes annotated with @Configuration.
2025-03-28 06:32:25 [main] DEBUG org.springframework.boot.test.context.SpringBootTestContextBootstrapper - Using ContextCustomizerFactory implementations for test class [UserAPITest]: [ImportsContextCustomizerFactory, ExcludeFilterContextCustomizerFactory, HttpGraphQlTesterContextCustomizerFactory, DuplicateJsonObjectContextCustomizerFactory, MockitoContextCustomizerFactory, TestRestTemplateContextCustomizerFactory, WebTestClientContextCustomizerFactory, DisableReactorResourceFactoryGlobalResourcesContextCustomizerFactory, OnFailureConditionReportContextCustomizerFactory, OverrideAutoConfigurationContextCustomizerFactory, ObservabilityContextCustomizerFactory, TypeExcludeFiltersContextCustomizerFactory, PropertyMappingContextCustomizerFactory, WebDriverContextCustomizerFactory, BeanOverrideContextCustomizerFactory, MockServerContainerContextCustomizerFactory, DynamicPropertiesContextCustomizerFactory]
2025-03-28 06:32:25 [main] DEBUG org.springframework.boot.test.context.SpringBootTestContextBootstrapper - Using ContextCustomizers for test class [UserAPITest]: [ExcludeFilterContextCustomizer, DuplicateJsonObjectContextCustomizer, MockitoContextCustomizer, TestRestTemplateContextCustomizer, DisableReactorResourceFactoryGlobalResourcesContextCustomizerCustomizer, OnFailureConditionReportContextCustomizer, DisableObservabilityContextCustomizer, PropertyMappingContextCustomizer, WebDriverContextCustomizer, DynamicPropertiesContextCustomizer]
2025-03-28 06:32:25 [main] DEBUG org.springframework.context.annotation.ClassPathScanningCandidateComponentProvider - Identified candidate component class: file [D:\Niraj\Work\Spring Boot UI API Automation\SpringBootUIApiAutomation\target\classes\com\sb\auto\OrangeHRMSpringBootAutomation\OrangeHrmSpringBootAutomationApplication.class]
2025-03-28 06:32:25 [main] INFO  org.springframework.boot.test.context.SpringBootTestContextBootstrapper - Found @SpringBootConfiguration com.sb.auto.OrangeHRMSpringBootAutomation.OrangeHrmSpringBootAutomationApplication for test class com.sb.auto.OrangeHRMSpringBootAutomation.api.UserAPITest
2025-03-28 06:32:26 [main] DEBUG org.springframework.test.context.util.TestContextSpringFactoriesUtils - Skipping candidate TestExecutionListener [org.springframework.test.context.observation.MicrometerObservationRegistryTestExecutionListener] due to a missing dependency. Specify custom TestExecutionListener classes or make the default TestExecutionListener classes and their required dependencies available. Offending class: io.micrometer.context.ThreadLocalAccessor. MicrometerObservationRegistryTestExecutionListener requires io.micrometer:micrometer-observation:1.10.8 or higher and io.micrometer:context-propagation:1.0.3 or higher.
2025-03-28 06:32:26 [main] DEBUG org.springframework.boot.test.context.SpringBootTestContextBootstrapper - Using TestExecutionListeners for test class [UserAPITest]: [ServletTestExecutionListener, DirtiesContextBeforeModesTestExecutionListener, ApplicationEventsTestExecutionListener, MockitoTestExecutionListener, BeanOverrideTestExecutionListener, DependencyInjectionTestExecutionListener, DirtiesContextTestExecutionListener, CommonCachesTestExecutionListener, TransactionalTestExecutionListener, SqlScriptsTestExecutionListener, EventPublishingTestExecutionListener, ResetMocksTestExecutionListener, RestDocsTestExecutionListener, MockRestServiceServerResetTestExecutionListener, MockMvcPrintOnlyOnFailureTestExecutionListener, WebDriverTestExecutionListener, MockWebServiceServerTestExecutionListener, MockitoResetTestExecutionListener]
2025-03-28 06:32:26 [main] DEBUG org.springframework.boot.test.context.SpringBootTestContextBootstrapper - Neither @ContextConfiguration nor @ContextHierarchy found for test class [BookingAPITest]: using SpringBootContextLoader
2025-03-28 06:32:26 [main] DEBUG org.springframework.test.context.support.AbstractContextLoader - Could not detect default resource locations for test class [com.sb.auto.OrangeHRMSpringBootAutomation.api.BookingAPITest]: no resource found for suffixes {-context.xml, Context.groovy}.
2025-03-28 06:32:26 [main] INFO  org.springframework.test.context.support.AnnotationConfigContextLoaderUtils - Could not detect default configuration classes for test class [com.sb.auto.OrangeHRMSpringBootAutomation.api.BookingAPITest]: BookingAPITest does not declare any static, non-private, non-final, nested classes annotated with @Configuration.
2025-03-28 06:32:26 [main] DEBUG org.springframework.boot.test.context.SpringBootTestContextBootstrapper - Using ContextCustomizerFactory implementations for test class [BookingAPITest]: [ImportsContextCustomizerFactory, ExcludeFilterContextCustomizerFactory, HttpGraphQlTesterContextCustomizerFactory, DuplicateJsonObjectContextCustomizerFactory, MockitoContextCustomizerFactory, TestRestTemplateContextCustomizerFactory, WebTestClientContextCustomizerFactory, DisableReactorResourceFactoryGlobalResourcesContextCustomizerFactory, OnFailureConditionReportContextCustomizerFactory, OverrideAutoConfigurationContextCustomizerFactory, ObservabilityContextCustomizerFactory, TypeExcludeFiltersContextCustomizerFactory, PropertyMappingContextCustomizerFactory, WebDriverContextCustomizerFactory, BeanOverrideContextCustomizerFactory, MockServerContainerContextCustomizerFactory, DynamicPropertiesContextCustomizerFactory]
2025-03-28 06:32:26 [main] DEBUG org.springframework.boot.test.context.SpringBootTestContextBootstrapper - Using ContextCustomizers for test class [BookingAPITest]: [ExcludeFilterContextCustomizer, DuplicateJsonObjectContextCustomizer, MockitoContextCustomizer, TestRestTemplateContextCustomizer, DisableReactorResourceFactoryGlobalResourcesContextCustomizerCustomizer, OnFailureConditionReportContextCustomizer, DisableObservabilityContextCustomizer, PropertyMappingContextCustomizer, WebDriverContextCustomizer, DynamicPropertiesContextCustomizer]
2025-03-28 06:32:26 [main] INFO  org.springframework.boot.test.context.SpringBootTestContextBootstrapper - Found @SpringBootConfiguration com.sb.auto.OrangeHRMSpringBootAutomation.OrangeHrmSpringBootAutomationApplication for test class com.sb.auto.OrangeHRMSpringBootAutomation.api.BookingAPITest
2025-03-28 06:32:26 [main] DEBUG org.springframework.test.context.util.TestContextSpringFactoriesUtils - Skipping candidate TestExecutionListener [org.springframework.test.context.observation.MicrometerObservationRegistryTestExecutionListener] due to a missing dependency. Specify custom TestExecutionListener classes or make the default TestExecutionListener classes and their required dependencies available. Offending class: io.micrometer.context.ThreadLocalAccessor. MicrometerObservationRegistryTestExecutionListener requires io.micrometer:micrometer-observation:1.10.8 or higher and io.micrometer:context-propagation:1.0.3 or higher.
2025-03-28 06:32:26 [main] DEBUG org.springframework.boot.test.context.SpringBootTestContextBootstrapper - Using TestExecutionListeners for test class [BookingAPITest]: [ServletTestExecutionListener, DirtiesContextBeforeModesTestExecutionListener, ApplicationEventsTestExecutionListener, MockitoTestExecutionListener, BeanOverrideTestExecutionListener, DependencyInjectionTestExecutionListener, DirtiesContextTestExecutionListener, CommonCachesTestExecutionListener, TransactionalTestExecutionListener, SqlScriptsTestExecutionListener, EventPublishingTestExecutionListener, ResetMocksTestExecutionListener, RestDocsTestExecutionListener, MockRestServiceServerResetTestExecutionListener, MockMvcPrintOnlyOnFailureTestExecutionListener, WebDriverTestExecutionListener, MockWebServiceServerTestExecutionListener, MockitoResetTestExecutionListener]
2025-03-28 06:32:26 [rp-io-6] DEBUG com.epam.reportportal.service.Launch - ReportPortal item with ID '314a06bb-fe7f-4f17-86a6-3a6ed52dbb0d' has been created
2025-03-28 06:32:26 [rp-io-6] DEBUG com.epam.reportportal.utils.SubscriptionUtils - Start test item successfully completed
2025-03-28 06:32:26 [main] INFO  com.sb.auto.OrangeHRMSpringBootAutomation.framework.listener.TestListener - ? Test Execution Started: API Test
2025-03-28 06:32:26 [rp-io-7] DEBUG com.epam.reportportal.service.Launch - Starting test item...rp-io-7
2025-03-28 06:32:26 [rp-io-9] DEBUG com.epam.reportportal.service.Launch - ReportPortal item with ID '4f95be4d-1466-4410-8200-306b187d4b33' has been created
2025-03-28 06:32:26 [rp-io-9] DEBUG com.epam.reportportal.utils.SubscriptionUtils - Start test item successfully completed
2025-03-28 06:32:26 [rp-io-10] DEBUG com.epam.reportportal.service.Launch - Starting test item...rp-io-10
2025-03-28 06:32:26 [main] INFO  com.sb.auto.OrangeHRMSpringBootAutomation.framework.listener.TestMethodListener - ? Before Method: springTestContextBeforeTestClass
2025-03-28 06:32:26 [rp-io-12] DEBUG com.epam.reportportal.service.Launch - ReportPortal item with ID 'f7e307da-9be4-4525-b3cb-1b1077ee22e3' has been created
2025-03-28 06:32:26 [rp-io-12] DEBUG com.epam.reportportal.utils.SubscriptionUtils - Start test item successfully completed
2025-03-28 06:32:26 [main] DEBUG org.springframework.test.context.support.DirtiesContextBeforeModesTestExecutionListener - Before test class: class [UserAPITest], class annotated with @DirtiesContext [false] with mode [null]
2025-03-28 06:32:26 [main] INFO  com.sb.auto.OrangeHRMSpringBootAutomation.framework.listener.TestMethodListener - ? After Method: springTestContextBeforeTestClass
2025-03-28 06:32:27 [rp-io-15] DEBUG com.epam.reportportal.service.Launch - Starting test item...rp-io-15
2025-03-28 06:32:27 [main] INFO  com.sb.auto.OrangeHRMSpringBootAutomation.framework.listener.TestMethodListener - ? Before Method: springTestContextPrepareTestInstance
2025-03-28 06:32:27 [rp-io-17] DEBUG com.epam.reportportal.service.Launch - ReportPortal item with ID '01296049-bafa-4707-9da4-9616be8079e6' has been created
2025-03-28 06:32:27 [rp-io-17] DEBUG com.epam.reportportal.utils.SubscriptionUtils - Start test item successfully completed
2025-03-28 06:32:27 [rp-io-19] DEBUG com.epam.reportportal.service.Launch - Accepted finish request for test item ID = f7e307da-9be4-4525-b3cb-1b1077ee22e3
2025-03-28 06:32:27 [rp-io-19] DEBUG com.epam.reportportal.utils.SubscriptionUtils - Finish test item completed
2025-03-28T10:32:27.797009Z main ERROR Loggers has no parameter that matches element Property

  .   ____          _            __ _ _
 /\\ / ___'_ __ _ _(_)_ __  __ _ \ \ \ \
( ( )\___ | '_ | '_| | '_ \/ _` | \ \ \ \
 \\/  ___)| |_)| | | | | || (_| |  ) ) ) )
  '  |____| .__|_| |_|_| |_\__, | / / / /
 =========|_|==============|___/=/_/_/_/

 :: Spring Boot ::                (v3.4.3)

2025-03-28 06:32:28 [main] WARN  org.springframework.boot.test.json.DuplicateJsonObjectContextCustomizerFactory$DuplicateJsonObjectContextCustomizer - 

Found multiple occurrences of org.json.JSONObject on the class path:

	jar:file:/C:/Users/niraj/.m2/repository/com/vaadin/external/google/android-json/0.0.20131108.vaadin1/android-json-0.0.20131108.vaadin1.jar!/org/json/JSONObject.class
	jar:file:/C:/Users/niraj/.m2/repository/org/json/json/20250107/json-20250107.jar!/org/json/JSONObject.class

You may wish to exclude one of them to ensure predictable runtime behavior

2025-03-28 06:32:28 [main] INFO  com.sb.auto.OrangeHRMSpringBootAutomation.api.UserAPITest - Starting UserAPITest using Java 17.0.13 with PID 15088 (D:\Niraj\Work\Spring Boot UI API Automation\SpringBootUIApiAutomation\target\test-classes started by niraj in D:\Niraj\Work\Spring Boot UI API Automation\SpringBootUIApiAutomation)
2025-03-28 06:32:28 [main] DEBUG com.sb.auto.OrangeHRMSpringBootAutomation.api.UserAPITest - Running with Spring Boot v3.4.3, Spring v6.2.3
2025-03-28 06:32:28 [main] INFO  com.sb.auto.OrangeHRMSpringBootAutomation.api.UserAPITest - No active profile set, falling back to 1 default profile: "default"
2025-03-28 06:32:28 [main] DEBUG org.springframework.boot.SpringApplication - Loading source class com.sb.auto.OrangeHRMSpringBootAutomation.OrangeHrmSpringBootAutomationApplication
2025-03-28 06:32:29 [main] DEBUG org.springframework.web.context.support.GenericWebApplicationContext - Refreshing org.springframework.web.context.support.GenericWebApplicationContext@22d322f5
2025-03-28 06:32:29 [main] DEBUG org.springframework.beans.factory.support.DefaultListableBeanFactory - Creating shared instance of singleton bean 'org.springframework.context.annotation.internalConfigurationAnnotationProcessor'
2025-03-28 06:32:29 [main] DEBUG org.springframework.beans.factory.support.DefaultListableBeanFactory - Creating shared instance of singleton bean 'org.springframework.boot.autoconfigure.internalCachingMetadataReaderFactory'
2025-03-28 06:32:29 [main] DEBUG org.springframework.context.annotation.ClassPathBeanDefinitionScanner - Ignored because not a concrete top-level class: file [D:\Niraj\Work\Spring Boot UI API Automation\SpringBootUIApiAutomation\target\classes\com\sb\auto\OrangeHRMSpringBootAutomation\framework\annotation\LazyConfiguration.class]
2025-03-28 06:32:29 [main] DEBUG org.springframework.context.annotation.ClassPathBeanDefinitionScanner - Ignored because not a concrete top-level class: file [D:\Niraj\Work\Spring Boot UI API Automation\SpringBootUIApiAutomation\target\classes\com\sb\auto\OrangeHRMSpringBootAutomation\framework\annotation\Page.class]
2025-03-28 06:32:29 [main] DEBUG org.springframework.context.annotation.ClassPathBeanDefinitionScanner - Ignored because not a concrete top-level class: file [D:\Niraj\Work\Spring Boot UI API Automation\SpringBootUIApiAutomation\target\classes\com\sb\auto\OrangeHRMSpringBootAutomation\framework\annotation\PageFragment.class]
2025-03-28 06:32:29 [main] DEBUG org.springframework.context.annotation.ClassPathBeanDefinitionScanner - Ignored because not a concrete top-level class: file [D:\Niraj\Work\Spring Boot UI API Automation\SpringBootUIApiAutomation\target\classes\com\sb\auto\OrangeHRMSpringBootAutomation\framework\annotation\Window.class]
2025-03-28 06:32:29 [main] DEBUG org.springframework.context.annotation.ClassPathBeanDefinitionScanner - Identified candidate component class: file [D:\Niraj\Work\Spring Boot UI API Automation\SpringBootUIApiAutomation\target\classes\com\sb\auto\OrangeHRMSpringBootAutomation\framework\config\ActionsConfig.class]
2025-03-28 06:32:29 [main] DEBUG org.springframework.context.annotation.ClassPathBeanDefinitionScanner - Identified candidate component class: file [D:\Niraj\Work\Spring Boot UI API Automation\SpringBootUIApiAutomation\target\classes\com\sb\auto\OrangeHRMSpringBootAutomation\framework\config\ApiConfig.class]
2025-03-28 06:32:29 [main] DEBUG org.springframework.context.annotation.ClassPathBeanDefinitionScanner - Identified candidate component class: file [D:\Niraj\Work\Spring Boot UI API Automation\SpringBootUIApiAutomation\target\classes\com\sb\auto\OrangeHRMSpringBootAutomation\framework\config\WebDriverConfig.class]
2025-03-28 06:32:29 [main] DEBUG org.springframework.context.annotation.ClassPathBeanDefinitionScanner - Identified candidate component class: file [D:\Niraj\Work\Spring Boot UI API Automation\SpringBootUIApiAutomation\target\classes\com\sb\auto\OrangeHRMSpringBootAutomation\framework\config\WebDriverWaitConfig.class]
2025-03-28 06:32:29 [main] DEBUG org.springframework.context.annotation.ClassPathBeanDefinitionScanner - Identified candidate component class: file [D:\Niraj\Work\Spring Boot UI API Automation\SpringBootUIApiAutomation\target\classes\com\sb\auto\OrangeHRMSpringBootAutomation\framework\exception\GlobalExceptionHandler.class]
2025-03-28 06:32:29 [main] DEBUG org.springframework.context.annotation.ClassPathBeanDefinitionScanner - Identified candidate component class: file [D:\Niraj\Work\Spring Boot UI API Automation\SpringBootUIApiAutomation\target\classes\com\sb\auto\OrangeHRMSpringBootAutomation\framework\listener\ReportPortalExecutionListener.class]
2025-03-28 06:32:29 [main] DEBUG org.springframework.context.annotation.ClassPathBeanDefinitionScanner - Identified candidate component class: file [D:\Niraj\Work\Spring Boot UI API Automation\SpringBootUIApiAutomation\target\classes\com\sb\auto\OrangeHRMSpringBootAutomation\framework\listener\TestAnnotationTransformer.class]
2025-03-28 06:32:29 [main] DEBUG org.springframework.context.annotation.ClassPathBeanDefinitionScanner - Identified candidate component class: file [D:\Niraj\Work\Spring Boot UI API Automation\SpringBootUIApiAutomation\target\classes\com\sb\auto\OrangeHRMSpringBootAutomation\framework\listener\TestListener.class]
2025-03-28 06:32:29 [main] DEBUG org.springframework.context.annotation.ClassPathBeanDefinitionScanner - Identified candidate component class: file [D:\Niraj\Work\Spring Boot UI API Automation\SpringBootUIApiAutomation\target\classes\com\sb\auto\OrangeHRMSpringBootAutomation\framework\listener\TestMethodListener.class]
2025-03-28 06:32:29 [main] DEBUG org.springframework.context.annotation.ClassPathBeanDefinitionScanner - Identified candidate component class: file [D:\Niraj\Work\Spring Boot UI API Automation\SpringBootUIApiAutomation\target\classes\com\sb\auto\OrangeHRMSpringBootAutomation\framework\listener\TestNgReportListener.class]
2025-03-28 06:32:29 [main] DEBUG org.springframework.context.annotation.ClassPathBeanDefinitionScanner - Identified candidate component class: file [D:\Niraj\Work\Spring Boot UI API Automation\SpringBootUIApiAutomation\target\classes\com\sb\auto\OrangeHRMSpringBootAutomation\framework\listener\TestRetryAnalyzer.class]
2025-03-28 06:32:29 [main] DEBUG org.springframework.context.annotation.ClassPathBeanDefinitionScanner - Identified candidate component class: file [D:\Niraj\Work\Spring Boot UI API Automation\SpringBootUIApiAutomation\target\classes\com\sb\auto\OrangeHRMSpringBootAutomation\framework\service\BookingAPIService.class]
2025-03-28 06:32:29 [main] DEBUG org.springframework.context.annotation.ClassPathBeanDefinitionScanner - Identified candidate component class: file [D:\Niraj\Work\Spring Boot UI API Automation\SpringBootUIApiAutomation\target\classes\com\sb\auto\OrangeHRMSpringBootAutomation\framework\service\UserAPIService.class]
2025-03-28 06:32:29 [main] DEBUG org.springframework.context.annotation.ClassPathBeanDefinitionScanner - Identified candidate component class: file [D:\Niraj\Work\Spring Boot UI API Automation\SpringBootUIApiAutomation\target\classes\com\sb\auto\OrangeHRMSpringBootAutomation\framework\util\APIAuthUtils.class]
2025-03-28 06:32:29 [main] DEBUG org.springframework.context.annotation.ClassPathBeanDefinitionScanner - Identified candidate component class: file [D:\Niraj\Work\Spring Boot UI API Automation\SpringBootUIApiAutomation\target\classes\com\sb\auto\OrangeHRMSpringBootAutomation\framework\util\ConfigReaderUtil.class]
2025-03-28 06:32:29 [main] DEBUG org.springframework.context.annotation.ClassPathBeanDefinitionScanner - Identified candidate component class: file [D:\Niraj\Work\Spring Boot UI API Automation\SpringBootUIApiAutomation\target\classes\com\sb\auto\OrangeHRMSpringBootAutomation\framework\util\JsonUtil.class]
2025-03-28 06:32:29 [main] DEBUG org.springframework.context.annotation.ClassPathBeanDefinitionScanner - Identified candidate component class: file [D:\Niraj\Work\Spring Boot UI API Automation\SpringBootUIApiAutomation\target\classes\com\sb\auto\OrangeHRMSpringBootAutomation\framework\util\LoggingUtils.class]
2025-03-28 06:32:29 [main] DEBUG org.springframework.context.annotation.ClassPathBeanDefinitionScanner - Identified candidate component class: file [D:\Niraj\Work\Spring Boot UI API Automation\SpringBootUIApiAutomation\target\classes\com\sb\auto\OrangeHRMSpringBootAutomation\framework\util\LogUtility.class]
2025-03-28 06:32:29 [main] DEBUG org.springframework.context.annotation.ClassPathBeanDefinitionScanner - Identified candidate component class: file [D:\Niraj\Work\Spring Boot UI API Automation\SpringBootUIApiAutomation\target\classes\com\sb\auto\OrangeHRMSpringBootAutomation\framework\util\RestAssuredUtils.class]
2025-03-28 06:32:29 [main] DEBUG org.springframework.context.annotation.ClassPathBeanDefinitionScanner - Identified candidate component class: file [D:\Niraj\Work\Spring Boot UI API Automation\SpringBootUIApiAutomation\target\classes\com\sb\auto\OrangeHRMSpringBootAutomation\framework\util\ScreenshotUtil.class]
2025-03-28 06:32:29 [main] DEBUG org.springframework.context.annotation.ClassPathBeanDefinitionScanner - Identified candidate component class: file [D:\Niraj\Work\Spring Boot UI API Automation\SpringBootUIApiAutomation\target\classes\com\sb\auto\OrangeHRMSpringBootAutomation\framework\util\SeleniumCoreUtil.class]
2025-03-28 06:32:29 [main] DEBUG org.springframework.context.annotation.ClassPathBeanDefinitionScanner - Identified candidate component class: file [D:\Niraj\Work\Spring Boot UI API Automation\SpringBootUIApiAutomation\target\classes\com\sb\auto\OrangeHRMSpringBootAutomation\models\Booking.class]
2025-03-28 06:32:29 [main] DEBUG org.springframework.context.annotation.ClassPathBeanDefinitionScanner - Identified candidate component class: file [D:\Niraj\Work\Spring Boot UI API Automation\SpringBootUIApiAutomation\target\classes\com\sb\auto\OrangeHRMSpringBootAutomation\models\BookingDates.class]
2025-03-28 06:32:29 [main] DEBUG org.springframework.context.annotation.ClassPathBeanDefinitionScanner - Identified candidate component class: file [D:\Niraj\Work\Spring Boot UI API Automation\SpringBootUIApiAutomation\target\classes\com\sb\auto\OrangeHRMSpringBootAutomation\models\User.class]
2025-03-28 06:32:29 [main] DEBUG org.springframework.context.annotation.ClassPathBeanDefinitionScanner - Identified candidate component class: file [D:\Niraj\Work\Spring Boot UI API Automation\SpringBootUIApiAutomation\target\classes\com\sb\auto\OrangeHRMSpringBootAutomation\page\orangehrm\DashboardPage.class]
2025-03-28 06:32:29 [main] DEBUG org.springframework.context.annotation.ClassPathBeanDefinitionScanner - Identified candidate component class: file [D:\Niraj\Work\Spring Boot UI API Automation\SpringBootUIApiAutomation\target\classes\com\sb\auto\OrangeHRMSpringBootAutomation\page\orangehrm\LoginPage.class]
2025-03-28 06:32:29 [main] DEBUG org.springframework.context.annotation.ClassPathBeanDefinitionScanner - Identified candidate component class: file [D:\Niraj\Work\Spring Boot UI API Automation\SpringBootUIApiAutomation\target\classes\com\sb\auto\OrangeHRMSpringBootAutomation\page\qa\RegisterPage.class]
2025-03-28 06:32:29 [main] DEBUG org.springframework.context.annotation.ClassPathBeanDefinitionScanner - Identified candidate component class: file [D:\Niraj\Work\Spring Boot UI API Automation\SpringBootUIApiAutomation\target\classes\com\sb\auto\OrangeHRMSpringBootAutomation\page\qa\TransactionPage.class]
2025-03-28 06:32:31 [main] INFO  org.springframework.data.repository.config.RepositoryConfigurationDelegate - Bootstrapping Spring Data JPA repositories in DEFAULT mode.
2025-03-28 06:32:31 [main] DEBUG org.springframework.beans.factory.support.DefaultListableBeanFactory - Creating shared instance of singleton bean 'org.springframework.boot.autoconfigure.AutoConfigurationPackages'
2025-03-28 06:32:31 [main] DEBUG org.springframework.boot.autoconfigure.AutoConfigurationPackages - @EnableAutoConfiguration was declared on a class in the package 'com.sb.auto.OrangeHRMSpringBootAutomation'. Automatic @Repository and @Entity scanning is enabled.
2025-03-28 06:32:31 [main] DEBUG org.springframework.data.repository.config.RepositoryConfigurationDelegate - Scanning for JPA repositories in packages com.sb.auto.OrangeHRMSpringBootAutomation.
2025-03-28 06:32:31 [main] INFO  org.springframework.data.repository.config.RepositoryConfigurationDelegate - Finished Spring Data repository scanning in 48 ms. Found 0 JPA repository interfaces.
2025-03-28 06:32:31 [main] DEBUG org.springframework.beans.factory.support.DefaultListableBeanFactory - Creating shared instance of singleton bean 'propertySourcesPlaceholderConfigurer'
2025-03-28 06:32:31 [main] DEBUG org.springframework.beans.factory.support.DefaultListableBeanFactory - Creating shared instance of singleton bean 'org.springframework.boot.test.mock.mockito.MockitoPostProcessor'
2025-03-28 06:32:31 [main] DEBUG org.springframework.beans.factory.support.DefaultListableBeanFactory - Creating shared instance of singleton bean 'emBeanDefinitionRegistrarPostProcessor'
2025-03-28 06:32:31 [main] DEBUG org.springframework.beans.factory.support.DefaultListableBeanFactory - Creating shared instance of singleton bean 'org.springframework.boot.sql.init.dependency.DatabaseInitializationDependencyConfigurer$DependsOnDatabaseInitializationPostProcessor'
2025-03-28 06:32:32 [main] DEBUG org.springframework.beans.factory.support.DefaultListableBeanFactory - Creating shared instance of singleton bean 'org.springframework.context.event.internalEventListenerProcessor'
2025-03-28 06:32:32 [main] DEBUG org.springframework.beans.factory.support.DefaultListableBeanFactory - Creating shared instance of singleton bean 'preserveErrorControllerTargetClassPostProcessor'
2025-03-28 06:32:32 [main] DEBUG org.springframework.beans.factory.support.DefaultListableBeanFactory - Creating shared instance of singleton bean 'org.springframework.context.event.internalEventListenerFactory'
2025-03-28 06:32:32 [main] DEBUG org.springframework.beans.factory.support.DefaultListableBeanFactory - Creating shared instance of singleton bean 'org.springframework.transaction.config.internalTransactionalEventListenerFactory'
2025-03-28 06:32:32 [main] DEBUG org.springframework.beans.factory.support.DefaultListableBeanFactory - Creating shared instance of singleton bean 'org.springframework.boot.test.mock.mockito.MockitoPostProcessor$SpyPostProcessor'
2025-03-28 06:32:32 [main] DEBUG org.springframework.beans.factory.support.DefaultListableBeanFactory - Creating shared instance of singleton bean 'org.springframework.context.annotation.internalAutowiredAnnotationProcessor'
2025-03-28 06:32:32 [main] DEBUG org.springframework.beans.factory.support.DefaultListableBeanFactory - Creating shared instance of singleton bean 'org.springframework.context.annotation.internalCommonAnnotationProcessor'
2025-03-28 06:32:32 [main] DEBUG org.springframework.beans.factory.support.DefaultListableBeanFactory - Creating shared instance of singleton bean 'org.springframework.context.annotation.internalPersistenceAnnotationProcessor'
2025-03-28 06:32:32 [main] DEBUG org.springframework.beans.factory.support.DefaultListableBeanFactory - Creating shared instance of singleton bean 'org.springframework.boot.context.properties.ConfigurationPropertiesBindingPostProcessor'
2025-03-28 06:32:32 [main] DEBUG org.springframework.beans.factory.support.DefaultListableBeanFactory - Creating shared instance of singleton bean 'org.springframework.boot.context.internalConfigurationPropertiesBinder'
2025-03-28 06:32:32 [main] DEBUG org.springframework.beans.factory.support.DefaultListableBeanFactory - Creating shared instance of singleton bean 'jdbcConnectionDetailsHikariBeanPostProcessor'
2025-03-28 06:32:32 [main] DEBUG org.springframework.beans.factory.support.DefaultListableBeanFactory - Creating shared instance of singleton bean 'org.springframework.aop.config.internalAutoProxyCreator'
2025-03-28 06:32:32 [main] DEBUG org.springframework.beans.factory.support.DefaultListableBeanFactory - Creating shared instance of singleton bean 'persistenceExceptionTranslationPostProcessor'
2025-03-28 06:32:32 [main] DEBUG org.springframework.beans.factory.support.DefaultListableBeanFactory - Autowiring by type from bean name 'persistenceExceptionTranslationPostProcessor' via factory method to bean named 'environment'
2025-03-28 06:32:32 [main] DEBUG org.springframework.beans.factory.support.DefaultListableBeanFactory - Creating shared instance of singleton bean 'webServerFactoryCustomizerBeanPostProcessor'
2025-03-28 06:32:32 [main] DEBUG org.springframework.beans.factory.support.DefaultListableBeanFactory - Creating shared instance of singleton bean 'errorPageRegistrarBeanPostProcessor'
2025-03-28 06:32:32 [main] DEBUG org.springframework.beans.factory.support.DefaultListableBeanFactory - Creating shared instance of singleton bean 'projectingArgumentResolverBeanPostProcessor'
2025-03-28 06:32:32 [main] DEBUG org.springframework.beans.factory.support.DefaultListableBeanFactory - Creating shared instance of singleton bean 'org.springframework.transaction.config.internalTransactionAdvisor'
2025-03-28 06:32:32 [main] DEBUG org.springframework.beans.factory.support.DefaultListableBeanFactory - Creating shared instance of singleton bean 'org.springframework.transaction.annotation.ProxyTransactionManagementConfiguration'
2025-03-28 06:32:32 [main] DEBUG org.springframework.beans.factory.support.DefaultListableBeanFactory - Creating shared instance of singleton bean 'transactionAttributeSource'
2025-03-28 06:32:32 [main] DEBUG org.springframework.beans.factory.support.DefaultListableBeanFactory - Creating shared instance of singleton bean 'transactionInterceptor'
2025-03-28 06:32:32 [main] DEBUG org.springframework.beans.factory.support.DefaultListableBeanFactory - Autowiring by type from bean name 'transactionInterceptor' via factory method to bean named 'transactionAttributeSource'
2025-03-28 06:32:32 [main] DEBUG org.springframework.beans.factory.support.DefaultListableBeanFactory - Autowiring by type from bean name 'org.springframework.transaction.config.internalTransactionAdvisor' via factory method to bean named 'transactionAttributeSource'
2025-03-28 06:32:32 [main] DEBUG org.springframework.beans.factory.support.DefaultListableBeanFactory - Autowiring by type from bean name 'org.springframework.transaction.config.internalTransactionAdvisor' via factory method to bean named 'transactionInterceptor'
2025-03-28 06:32:32 [main] DEBUG org.springframework.ui.context.support.UiApplicationContextUtils - Unable to locate ThemeSource with name 'themeSource': using default [org.springframework.ui.context.support.ResourceBundleThemeSource@4cf230bf]
2025-03-28 06:32:32 [main] DEBUG org.springframework.beans.factory.support.DefaultListableBeanFactory - Creating shared instance of singleton bean 'org.springframework.test.context.support.internalDynamicPropertyRegistrarBeanInitializer'
2025-03-28 06:32:32 [main] DEBUG org.springframework.beans.factory.support.DefaultListableBeanFactory - Creating shared instance of singleton bean 'dataSourceScriptDatabaseInitializer'
2025-03-28 06:32:32 [main] DEBUG org.springframework.beans.factory.support.DefaultListableBeanFactory - Creating shared instance of singleton bean 'org.springframework.boot.autoconfigure.sql.init.DataSourceInitializationConfiguration'
2025-03-28 06:32:32 [main] DEBUG org.springframework.beans.factory.support.DefaultListableBeanFactory - Creating shared instance of singleton bean 'dataSource'
2025-03-28 06:32:32 [main] DEBUG org.springframework.beans.factory.support.DefaultListableBeanFactory - Creating shared instance of singleton bean 'org.springframework.boot.autoconfigure.jdbc.DataSourceConfiguration$Hikari'
2025-03-28 06:32:32 [main] DEBUG org.springframework.beans.factory.support.DefaultListableBeanFactory - Creating shared instance of singleton bean 'spring.datasource-org.springframework.boot.autoconfigure.jdbc.DataSourceProperties'
2025-03-28 06:32:32 [main] DEBUG org.springframework.beans.factory.support.DefaultListableBeanFactory - Creating shared instance of singleton bean 'org.springframework.boot.context.properties.BoundConfigurationProperties'
2025-03-28 06:32:32 [main] DEBUG org.springframework.beans.factory.support.DefaultListableBeanFactory - Creating shared instance of singleton bean 'jdbcConnectionDetails'
2025-03-28 06:32:32 [main] DEBUG org.springframework.beans.factory.support.DefaultListableBeanFactory - Creating shared instance of singleton bean 'org.springframework.boot.autoconfigure.jdbc.DataSourceAutoConfiguration$PooledDataSourceConfiguration'
2025-03-28 06:32:32 [main] DEBUG org.springframework.beans.factory.support.DefaultListableBeanFactory - Autowiring by type from bean name 'jdbcConnectionDetails' via factory method to bean named 'spring.datasource-org.springframework.boot.autoconfigure.jdbc.DataSourceProperties'
2025-03-28 06:32:32 [main] DEBUG org.springframework.beans.factory.support.DefaultListableBeanFactory - Autowiring by type from bean name 'dataSource' via factory method to bean named 'spring.datasource-org.springframework.boot.autoconfigure.jdbc.DataSourceProperties'
2025-03-28 06:32:32 [main] DEBUG org.springframework.beans.factory.support.DefaultListableBeanFactory - Autowiring by type from bean name 'dataSource' via factory method to bean named 'jdbcConnectionDetails'
2025-03-28 06:32:32 [main] DEBUG com.zaxxer.hikari.HikariConfig - Driver class org.h2.Driver found in Thread context class loader jdk.internal.loader.ClassLoaders$AppClassLoader@c387f44
2025-03-28 06:32:32 [main] DEBUG org.springframework.beans.factory.support.DefaultListableBeanFactory - Creating shared instance of singleton bean 'spring.sql.init-org.springframework.boot.autoconfigure.sql.init.SqlInitializationProperties'
2025-03-28 06:32:32 [main] DEBUG org.springframework.beans.factory.support.DefaultListableBeanFactory - Autowiring by type from bean name 'dataSourceScriptDatabaseInitializer' via factory method to bean named 'dataSource'
2025-03-28 06:32:32 [main] DEBUG org.springframework.beans.factory.support.DefaultListableBeanFactory - Autowiring by type from bean name 'dataSourceScriptDatabaseInitializer' via factory method to bean named 'spring.sql.init-org.springframework.boot.autoconfigure.sql.init.SqlInitializationProperties'
2025-03-28 06:32:32 [main] DEBUG org.springframework.beans.factory.support.DefaultListableBeanFactory - Creating shared instance of singleton bean 'entityManagerFactory'
2025-03-28 06:32:32 [main] DEBUG org.springframework.beans.factory.support.DefaultListableBeanFactory - Creating shared instance of singleton bean 'org.springframework.boot.autoconfigure.orm.jpa.HibernateJpaConfiguration'
2025-03-28 06:32:32 [main] DEBUG org.springframework.beans.factory.support.DefaultListableBeanFactory - Creating shared instance of singleton bean 'spring.jpa-org.springframework.boot.autoconfigure.orm.jpa.JpaProperties'
2025-03-28 06:32:32 [main] DEBUG org.springframework.beans.factory.support.DefaultListableBeanFactory - Creating shared instance of singleton bean 'spring.jpa.hibernate-org.springframework.boot.autoconfigure.orm.jpa.HibernateProperties'
2025-03-28 06:32:32 [main] DEBUG org.springframework.beans.factory.support.DefaultListableBeanFactory - Autowiring by type from bean name 'org.springframework.boot.autoconfigure.orm.jpa.HibernateJpaConfiguration' via constructor to bean named 'dataSource'
2025-03-28 06:32:32 [main] DEBUG org.springframework.beans.factory.support.DefaultListableBeanFactory - Autowiring by type from bean name 'org.springframework.boot.autoconfigure.orm.jpa.HibernateJpaConfiguration' via constructor to bean named 'spring.jpa-org.springframework.boot.autoconfigure.orm.jpa.JpaProperties'
2025-03-28 06:32:32 [main] DEBUG org.springframework.beans.factory.support.DefaultListableBeanFactory - Autowiring by type from bean name 'org.springframework.boot.autoconfigure.orm.jpa.HibernateJpaConfiguration' via constructor to bean named 'org.springframework.beans.factory.support.DefaultListableBeanFactory@6aa5974e'
2025-03-28 06:32:32 [main] DEBUG org.springframework.beans.factory.support.DefaultListableBeanFactory - Autowiring by type from bean name 'org.springframework.boot.autoconfigure.orm.jpa.HibernateJpaConfiguration' via constructor to bean named 'spring.jpa.hibernate-org.springframework.boot.autoconfigure.orm.jpa.HibernateProperties'
2025-03-28 06:32:32 [main] DEBUG org.springframework.beans.factory.support.DefaultListableBeanFactory - Creating shared instance of singleton bean 'hikariPoolDataSourceMetadataProvider'
2025-03-28 06:32:32 [main] DEBUG org.springframework.beans.factory.support.DefaultListableBeanFactory - Creating shared instance of singleton bean 'org.springframework.boot.autoconfigure.jdbc.metadata.DataSourcePoolMetadataProvidersConfiguration$HikariPoolDataSourceMetadataProviderConfiguration'
2025-03-28 06:32:32 [main] DEBUG org.springframework.beans.factory.support.DefaultListableBeanFactory - Creating shared instance of singleton bean 'entityManagerFactoryBuilder'
2025-03-28 06:32:32 [main] DEBUG org.springframework.beans.factory.support.DefaultListableBeanFactory - Creating shared instance of singleton bean 'jpaVendorAdapter'
2025-03-28 06:32:32 [main] DEBUG org.jboss.logging - Logging Provider: org.jboss.logging.Log4j2LoggerProvider
2025-03-28 06:32:32 [main] DEBUG org.springframework.beans.factory.support.DefaultListableBeanFactory - Autowiring by type from bean name 'entityManagerFactoryBuilder' via factory method to bean named 'jpaVendorAdapter'
2025-03-28 06:32:32 [main] DEBUG org.springframework.jdbc.datasource.DataSourceUtils - Fetching JDBC Connection from DataSource
2025-03-28 06:32:32 [main] DEBUG com.zaxxer.hikari.HikariConfig - HikariPool-1 - configuration:
2025-03-28 06:32:32 [main] DEBUG com.zaxxer.hikari.HikariConfig - allowPoolSuspension.............false
2025-03-28 06:32:32 [main] DEBUG com.zaxxer.hikari.HikariConfig - autoCommit......................true
2025-03-28 06:32:32 [main] DEBUG com.zaxxer.hikari.HikariConfig - catalog.........................none
2025-03-28 06:32:32 [main] DEBUG com.zaxxer.hikari.HikariConfig - connectionInitSql...............none
2025-03-28 06:32:32 [main] DEBUG com.zaxxer.hikari.HikariConfig - connectionTestQuery.............none
2025-03-28 06:32:32 [main] DEBUG com.zaxxer.hikari.HikariConfig - connectionTimeout...............30000
2025-03-28 06:32:32 [main] DEBUG com.zaxxer.hikari.HikariConfig - dataSource......................none
2025-03-28 06:32:32 [main] DEBUG com.zaxxer.hikari.HikariConfig - dataSourceClassName.............none
2025-03-28 06:32:32 [main] DEBUG com.zaxxer.hikari.HikariConfig - dataSourceJNDI..................none
2025-03-28 06:32:32 [main] DEBUG com.zaxxer.hikari.HikariConfig - dataSourceProperties............{password=<masked>}
2025-03-28 06:32:32 [main] DEBUG com.zaxxer.hikari.HikariConfig - driverClassName................."org.h2.Driver"
2025-03-28 06:32:32 [main] DEBUG com.zaxxer.hikari.HikariConfig - exceptionOverrideClassName......none
2025-03-28 06:32:32 [main] DEBUG com.zaxxer.hikari.HikariConfig - healthCheckProperties...........{}
2025-03-28 06:32:32 [main] DEBUG com.zaxxer.hikari.HikariConfig - healthCheckRegistry.............none
2025-03-28 06:32:32 [main] DEBUG com.zaxxer.hikari.HikariConfig - idleTimeout.....................600000
2025-03-28 06:32:32 [main] DEBUG com.zaxxer.hikari.HikariConfig - initializationFailTimeout.......1
2025-03-28 06:32:32 [main] DEBUG com.zaxxer.hikari.HikariConfig - isolateInternalQueries..........false
2025-03-28 06:32:32 [main] DEBUG com.zaxxer.hikari.HikariConfig - jdbcUrl.........................jdbc:h2:mem:0c4d65bd-978b-4a07-909f-59d4398284a0;DB_CLOSE_DELAY=-1;DB_CLOSE_ON_EXIT=FALSE
2025-03-28 06:32:32 [main] DEBUG com.zaxxer.hikari.HikariConfig - keepaliveTime...................0
2025-03-28 06:32:32 [main] DEBUG com.zaxxer.hikari.HikariConfig - leakDetectionThreshold..........0
2025-03-28 06:32:32 [main] DEBUG com.zaxxer.hikari.HikariConfig - maxLifetime.....................1800000
2025-03-28 06:32:32 [main] DEBUG com.zaxxer.hikari.HikariConfig - maximumPoolSize.................10
2025-03-28 06:32:32 [main] DEBUG com.zaxxer.hikari.HikariConfig - metricRegistry..................none
2025-03-28 06:32:32 [main] DEBUG com.zaxxer.hikari.HikariConfig - metricsTrackerFactory...........none
2025-03-28 06:32:32 [main] DEBUG com.zaxxer.hikari.HikariConfig - minimumIdle.....................10
2025-03-28 06:32:32 [main] DEBUG com.zaxxer.hikari.HikariConfig - password........................<masked>
2025-03-28 06:32:32 [main] DEBUG com.zaxxer.hikari.HikariConfig - poolName........................"HikariPool-1"
2025-03-28 06:32:32 [main] DEBUG com.zaxxer.hikari.HikariConfig - readOnly........................false
2025-03-28 06:32:32 [main] DEBUG com.zaxxer.hikari.HikariConfig - registerMbeans..................false
2025-03-28 06:32:32 [main] DEBUG com.zaxxer.hikari.HikariConfig - scheduledExecutor...............none
2025-03-28 06:32:32 [main] DEBUG com.zaxxer.hikari.HikariConfig - schema..........................none
2025-03-28 06:32:32 [main] DEBUG com.zaxxer.hikari.HikariConfig - threadFactory...................internal
2025-03-28 06:32:32 [main] DEBUG com.zaxxer.hikari.HikariConfig - transactionIsolation............default
2025-03-28 06:32:32 [main] DEBUG com.zaxxer.hikari.HikariConfig - username........................"sa"
2025-03-28 06:32:32 [main] DEBUG com.zaxxer.hikari.HikariConfig - validationTimeout...............5000
2025-03-28 06:32:32 [main] INFO  com.zaxxer.hikari.HikariDataSource - HikariPool-1 - Starting...
2025-03-28 06:32:33 [main] INFO  com.zaxxer.hikari.pool.HikariPool - HikariPool-1 - Added connection conn0: url=jdbc:h2:mem:0c4d65bd-978b-4a07-909f-59d4398284a0 user=SA
2025-03-28 06:32:33 [main] INFO  com.zaxxer.hikari.HikariDataSource - HikariPool-1 - Start completed.
2025-03-28 06:32:33 [main] DEBUG org.springframework.beans.factory.support.DefaultListableBeanFactory - Creating shared instance of singleton bean 'persistenceManagedTypes'
2025-03-28 06:32:33 [main] DEBUG org.springframework.beans.factory.support.DefaultListableBeanFactory - Autowiring by type from bean name 'persistenceManagedTypes' via factory method to bean named 'org.springframework.beans.factory.support.DefaultListableBeanFactory@6aa5974e'
2025-03-28 06:32:33 [main] DEBUG org.springframework.beans.factory.support.DefaultListableBeanFactory - Autowiring by type from bean name 'persistenceManagedTypes' via factory method to bean named 'org.springframework.web.context.support.GenericWebApplicationContext@22d322f5'
2025-03-28 06:32:33 [main] DEBUG org.springframework.beans.factory.support.DefaultListableBeanFactory - Autowiring by type from bean name 'entityManagerFactory' via factory method to bean named 'entityManagerFactoryBuilder'
2025-03-28 06:32:33 [main] DEBUG org.springframework.beans.factory.support.DefaultListableBeanFactory - Autowiring by type from bean name 'entityManagerFactory' via factory method to bean named 'persistenceManagedTypes'
2025-03-28 06:32:33 [HikariPool-1 housekeeper] DEBUG com.zaxxer.hikari.pool.HikariPool - HikariPool-1 - Pool stats (total=1, active=0, idle=1, waiting=0)
2025-03-28 06:32:33 [HikariPool-1 connection adder] DEBUG com.zaxxer.hikari.pool.HikariPool - HikariPool-1 - Added connection conn1: url=jdbc:h2:mem:0c4d65bd-978b-4a07-909f-59d4398284a0 user=SA
2025-03-28 06:32:33 [HikariPool-1 connection adder] DEBUG com.zaxxer.hikari.pool.HikariPool - HikariPool-1 - After adding stats (total=2, active=0, idle=2, waiting=0)
2025-03-28 06:32:33 [HikariPool-1 connection adder] DEBUG com.zaxxer.hikari.pool.HikariPool - HikariPool-1 - Added connection conn2: url=jdbc:h2:mem:0c4d65bd-978b-4a07-909f-59d4398284a0 user=SA
2025-03-28 06:32:33 [main] DEBUG org.springframework.orm.jpa.LocalContainerEntityManagerFactoryBean - Building JPA container EntityManagerFactory for persistence unit 'default'
2025-03-28 06:32:33 [HikariPool-1 connection adder] DEBUG com.zaxxer.hikari.pool.HikariPool - HikariPool-1 - After adding stats (total=3, active=0, idle=3, waiting=0)
2025-03-28 06:32:33 [HikariPool-1 connection adder] DEBUG com.zaxxer.hikari.pool.HikariPool - HikariPool-1 - Added connection conn3: url=jdbc:h2:mem:0c4d65bd-978b-4a07-909f-59d4398284a0 user=SA
2025-03-28 06:32:33 [HikariPool-1 connection adder] DEBUG com.zaxxer.hikari.pool.HikariPool - HikariPool-1 - After adding stats (total=4, active=0, idle=4, waiting=0)
2025-03-28 06:32:33 [HikariPool-1 connection adder] DEBUG com.zaxxer.hikari.pool.HikariPool - HikariPool-1 - Added connection conn4: url=jdbc:h2:mem:0c4d65bd-978b-4a07-909f-59d4398284a0 user=SA
2025-03-28 06:32:33 [HikariPool-1 connection adder] DEBUG com.zaxxer.hikari.pool.HikariPool - HikariPool-1 - After adding stats (total=5, active=0, idle=5, waiting=0)
2025-03-28 06:32:33 [HikariPool-1 connection adder] DEBUG com.zaxxer.hikari.pool.HikariPool - HikariPool-1 - Added connection conn5: url=jdbc:h2:mem:0c4d65bd-978b-4a07-909f-59d4398284a0 user=SA
2025-03-28 06:32:33 [HikariPool-1 connection adder] DEBUG com.zaxxer.hikari.pool.HikariPool - HikariPool-1 - After adding stats (total=6, active=0, idle=6, waiting=0)
2025-03-28 06:32:33 [HikariPool-1 connection adder] DEBUG com.zaxxer.hikari.pool.HikariPool - HikariPool-1 - Added connection conn6: url=jdbc:h2:mem:0c4d65bd-978b-4a07-909f-59d4398284a0 user=SA
2025-03-28 06:32:33 [HikariPool-1 connection adder] DEBUG com.zaxxer.hikari.pool.HikariPool - HikariPool-1 - After adding stats (total=7, active=0, idle=7, waiting=0)
2025-03-28 06:32:33 [HikariPool-1 connection adder] DEBUG com.zaxxer.hikari.pool.HikariPool - HikariPool-1 - Added connection conn7: url=jdbc:h2:mem:0c4d65bd-978b-4a07-909f-59d4398284a0 user=SA
2025-03-28 06:32:33 [main] DEBUG org.hibernate.jpa.internal.util.LogHelper - PersistenceUnitInfo [
	name: default
	persistence provider classname: null
	classloader: jdk.internal.loader.ClassLoaders$AppClassLoader@c387f44
	excludeUnlistedClasses: true
	JTA datasource: null
	Non JTA datasource: HikariDataSource (HikariPool-1)
	Transaction type: RESOURCE_LOCAL
	PU root URL: file:/D:/Niraj/Work/Spring%20Boot%20UI%20API%20Automation/SpringBootUIApiAutomation/target/test-classes/
	Shared Cache Mode: UNSPECIFIED
	Validation Mode: AUTO
	Jar files URLs []
	Managed classes names []
	Mapping files names []
	Properties []
2025-03-28 06:32:33 [HikariPool-1 connection adder] DEBUG com.zaxxer.hikari.pool.HikariPool - HikariPool-1 - After adding stats (total=8, active=0, idle=8, waiting=0)
2025-03-28 06:32:33 [HikariPool-1 connection adder] DEBUG com.zaxxer.hikari.pool.HikariPool - HikariPool-1 - Added connection conn8: url=jdbc:h2:mem:0c4d65bd-978b-4a07-909f-59d4398284a0 user=SA
2025-03-28 06:32:33 [main] DEBUG org.hibernate.integrator.internal.IntegratorServiceImpl - Adding Integrator [org.hibernate.boot.beanvalidation.BeanValidationIntegrator].
2025-03-28 06:32:33 [main] DEBUG org.hibernate.integrator.internal.IntegratorServiceImpl - Adding Integrator [org.hibernate.cache.internal.CollectionCacheInvalidator].
2025-03-28 06:32:33 [HikariPool-1 connection adder] DEBUG com.zaxxer.hikari.pool.HikariPool - HikariPool-1 - After adding stats (total=9, active=0, idle=9, waiting=0)
2025-03-28 06:32:33 [HikariPool-1 connection adder] DEBUG com.zaxxer.hikari.pool.HikariPool - HikariPool-1 - Added connection conn9: url=jdbc:h2:mem:0c4d65bd-978b-4a07-909f-59d4398284a0 user=SA
2025-03-28 06:32:33 [HikariPool-1 connection adder] DEBUG com.zaxxer.hikari.pool.HikariPool - HikariPool-1 - After adding stats (total=10, active=0, idle=10, waiting=0)
2025-03-28 06:32:33 [main] INFO  org.hibernate.Version - HHH000412: Hibernate ORM core version 6.6.8.Final
2025-03-28 06:32:33 [main] DEBUG org.hibernate.cfg.Environment - HHH000206: 'hibernate.properties' not found
2025-03-28 06:32:33 [main] DEBUG org.hibernate.orm.idgen.factory - Registering IdentifierGenerator strategy [uuid2] -> [org.hibernate.id.UUIDGenerator]
2025-03-28 06:32:33 [main] DEBUG org.hibernate.orm.idgen.factory - Registering IdentifierGenerator strategy [guid] -> [org.hibernate.id.GUIDGenerator]
2025-03-28 06:32:33 [main] DEBUG org.hibernate.orm.idgen.factory - Registering IdentifierGenerator strategy [uuid] -> [org.hibernate.id.UUIDHexGenerator]
2025-03-28 06:32:33 [main] DEBUG org.hibernate.orm.idgen.factory - Registering IdentifierGenerator strategy [uuid.hex] -> [org.hibernate.id.UUIDHexGenerator]
2025-03-28 06:32:33 [main] DEBUG org.hibernate.orm.idgen.factory - Registering IdentifierGenerator strategy [assigned] -> [org.hibernate.id.Assigned]
2025-03-28 06:32:33 [main] DEBUG org.hibernate.orm.idgen.factory - Registering IdentifierGenerator strategy [identity] -> [org.hibernate.id.IdentityGenerator]
2025-03-28 06:32:33 [main] DEBUG org.hibernate.orm.idgen.factory - Registering IdentifierGenerator strategy [select] -> [org.hibernate.id.SelectGenerator]
2025-03-28 06:32:33 [main] DEBUG org.hibernate.orm.idgen.factory - Registering IdentifierGenerator strategy [sequence] -> [org.hibernate.id.enhanced.SequenceStyleGenerator]
2025-03-28 06:32:33 [main] DEBUG org.hibernate.orm.idgen.factory - Registering IdentifierGenerator strategy [increment] -> [org.hibernate.id.IncrementGenerator]
2025-03-28 06:32:33 [main] DEBUG org.hibernate.orm.idgen.factory - Registering IdentifierGenerator strategy [foreign] -> [org.hibernate.id.ForeignGenerator]
2025-03-28 06:32:33 [main] DEBUG org.hibernate.orm.idgen.factory - Registering IdentifierGenerator strategy [enhanced-sequence] -> [org.hibernate.id.enhanced.SequenceStyleGenerator]
2025-03-28 06:32:33 [main] DEBUG org.hibernate.orm.idgen.factory - Registering IdentifierGenerator strategy [enhanced-table] -> [org.hibernate.id.enhanced.TableGenerator]
2025-03-28 06:32:33 [main] DEBUG org.hibernate.cache.internal.RegionFactoryInitiator - Cannot default RegionFactory based on registered strategies as `[]` RegionFactory strategies were registered
2025-03-28 06:32:33 [main] INFO  org.hibernate.cache.internal.RegionFactoryInitiator - HHH000026: Second-level cache disabled
2025-03-28 06:32:34 [main] DEBUG org.hibernate.type.BasicTypeRegistry - Adding type registration boolean -> org.hibernate.type.BasicTypeReference@6e8aea7e
2025-03-28 06:32:34 [main] DEBUG org.hibernate.type.BasicTypeRegistry - Adding type registration boolean -> org.hibernate.type.BasicTypeReference@6e8aea7e
2025-03-28 06:32:34 [main] DEBUG org.hibernate.type.BasicTypeRegistry - Adding type registration java.lang.Boolean -> org.hibernate.type.BasicTypeReference@6e8aea7e
2025-03-28 06:32:34 [main] DEBUG org.hibernate.type.BasicTypeRegistry - Adding type registration numeric_boolean -> org.hibernate.type.BasicTypeReference@59282dc6
2025-03-28 06:32:34 [main] DEBUG org.hibernate.type.BasicTypeRegistry - Adding type registration org.hibernate.type.NumericBooleanConverter -> org.hibernate.type.BasicTypeReference@59282dc6
2025-03-28 06:32:34 [main] DEBUG org.hibernate.type.BasicTypeRegistry - Adding type registration true_false -> org.hibernate.type.BasicTypeReference@603b9d4b
2025-03-28 06:32:34 [main] DEBUG org.hibernate.type.BasicTypeRegistry - Adding type registration org.hibernate.type.TrueFalseConverter -> org.hibernate.type.BasicTypeReference@603b9d4b
2025-03-28 06:32:34 [main] DEBUG org.hibernate.type.BasicTypeRegistry - Adding type registration yes_no -> org.hibernate.type.BasicTypeReference@7b2f8152
2025-03-28 06:32:34 [main] DEBUG org.hibernate.type.BasicTypeRegistry - Adding type registration org.hibernate.type.YesNoConverter -> org.hibernate.type.BasicTypeReference@7b2f8152
2025-03-28 06:32:34 [main] DEBUG org.hibernate.type.BasicTypeRegistry - Adding type registration byte -> org.hibernate.type.BasicTypeReference@6371c5ec
2025-03-28 06:32:34 [main] DEBUG org.hibernate.type.BasicTypeRegistry - Adding type registration byte -> org.hibernate.type.BasicTypeReference@6371c5ec
2025-03-28 06:32:34 [main] DEBUG org.hibernate.type.BasicTypeRegistry - Adding type registration java.lang.Byte -> org.hibernate.type.BasicTypeReference@6371c5ec
2025-03-28 06:32:34 [main] DEBUG org.hibernate.type.BasicTypeRegistry - Adding type registration binary -> org.hibernate.type.BasicTypeReference@5f9ccd0c
2025-03-28 06:32:34 [main] DEBUG org.hibernate.type.BasicTypeRegistry - Adding type registration byte[] -> org.hibernate.type.BasicTypeReference@5f9ccd0c
2025-03-28 06:32:34 [main] DEBUG org.hibernate.type.BasicTypeRegistry - Adding type registration [B -> org.hibernate.type.BasicTypeReference@5f9ccd0c
2025-03-28 06:32:34 [main] DEBUG org.hibernate.type.BasicTypeRegistry - Adding type registration binary_wrapper -> org.hibernate.type.BasicTypeReference@6738e8b2
2025-03-28 06:32:34 [main] DEBUG org.hibernate.type.BasicTypeRegistry - Adding type registration wrapper-binary -> org.hibernate.type.BasicTypeReference@6738e8b2
2025-03-28 06:32:34 [main] DEBUG org.hibernate.type.BasicTypeRegistry - Adding type registration image -> org.hibernate.type.BasicTypeReference@da9374c
2025-03-28 06:32:34 [main] DEBUG org.hibernate.type.BasicTypeRegistry - Adding type registration blob -> org.hibernate.type.BasicTypeReference@34647f58
2025-03-28 06:32:34 [main] DEBUG org.hibernate.type.BasicTypeRegistry - Adding type registration java.sql.Blob -> org.hibernate.type.BasicTypeReference@34647f58
2025-03-28 06:32:34 [main] DEBUG org.hibernate.type.BasicTypeRegistry - Adding type registration materialized_blob -> org.hibernate.type.BasicTypeReference@14b96c1e
2025-03-28 06:32:34 [main] DEBUG org.hibernate.type.BasicTypeRegistry - Adding type registration materialized_blob_wrapper -> org.hibernate.type.BasicTypeReference@229514ff
2025-03-28 06:32:34 [main] DEBUG org.hibernate.type.BasicTypeRegistry - Adding type registration short -> org.hibernate.type.BasicTypeReference@664254b6
2025-03-28 06:32:34 [main] DEBUG org.hibernate.type.BasicTypeRegistry - Adding type registration short -> org.hibernate.type.BasicTypeReference@664254b6
2025-03-28 06:32:34 [main] DEBUG org.hibernate.type.BasicTypeRegistry - Adding type registration java.lang.Short -> org.hibernate.type.BasicTypeReference@664254b6
2025-03-28 06:32:34 [main] DEBUG org.hibernate.type.BasicTypeRegistry - Adding type registration integer -> org.hibernate.type.BasicTypeReference@714b6999
2025-03-28 06:32:34 [main] DEBUG org.hibernate.type.BasicTypeRegistry - Adding type registration int -> org.hibernate.type.BasicTypeReference@714b6999
2025-03-28 06:32:34 [main] DEBUG org.hibernate.type.BasicTypeRegistry - Adding type registration java.lang.Integer -> org.hibernate.type.BasicTypeReference@714b6999
2025-03-28 06:32:34 [main] DEBUG org.hibernate.type.BasicTypeRegistry - Adding type registration long -> org.hibernate.type.BasicTypeReference@24f5e9e8
2025-03-28 06:32:34 [main] DEBUG org.hibernate.type.BasicTypeRegistry - Adding type registration long -> org.hibernate.type.BasicTypeReference@24f5e9e8
2025-03-28 06:32:34 [main] DEBUG org.hibernate.type.BasicTypeRegistry - Adding type registration java.lang.Long -> org.hibernate.type.BasicTypeReference@24f5e9e8
2025-03-28 06:32:34 [main] DEBUG org.hibernate.type.BasicTypeRegistry - Adding type registration float -> org.hibernate.type.BasicTypeReference@50e6ee24
2025-03-28 06:32:34 [main] DEBUG org.hibernate.type.BasicTypeRegistry - Adding type registration float -> org.hibernate.type.BasicTypeReference@50e6ee24
2025-03-28 06:32:34 [main] DEBUG org.hibernate.type.BasicTypeRegistry - Adding type registration java.lang.Float -> org.hibernate.type.BasicTypeReference@50e6ee24
2025-03-28 06:32:34 [main] DEBUG org.hibernate.type.BasicTypeRegistry - Adding type registration double -> org.hibernate.type.BasicTypeReference@7acb5200
2025-03-28 06:32:34 [main] DEBUG org.hibernate.type.BasicTypeRegistry - Adding type registration double -> org.hibernate.type.BasicTypeReference@7acb5200
2025-03-28 06:32:34 [main] DEBUG org.hibernate.type.BasicTypeRegistry - Adding type registration java.lang.Double -> org.hibernate.type.BasicTypeReference@7acb5200
2025-03-28 06:32:34 [main] DEBUG org.hibernate.type.BasicTypeRegistry - Adding type registration big_integer -> org.hibernate.type.BasicTypeReference@3661b732
2025-03-28 06:32:34 [main] DEBUG org.hibernate.type.BasicTypeRegistry - Adding type registration java.math.BigInteger -> org.hibernate.type.BasicTypeReference@3661b732
2025-03-28 06:32:34 [main] DEBUG org.hibernate.type.BasicTypeRegistry - Adding type registration big_decimal -> org.hibernate.type.BasicTypeReference@5111f814
2025-03-28 06:32:34 [main] DEBUG org.hibernate.type.BasicTypeRegistry - Adding type registration java.math.BigDecimal -> org.hibernate.type.BasicTypeReference@5111f814
2025-03-28 06:32:34 [main] DEBUG org.hibernate.type.BasicTypeRegistry - Adding type registration character -> org.hibernate.type.BasicTypeReference@71eafb64
2025-03-28 06:32:34 [main] DEBUG org.hibernate.type.BasicTypeRegistry - Adding type registration char -> org.hibernate.type.BasicTypeReference@71eafb64
2025-03-28 06:32:34 [main] DEBUG org.hibernate.type.BasicTypeRegistry - Adding type registration java.lang.Character -> org.hibernate.type.BasicTypeReference@71eafb64
2025-03-28 06:32:34 [main] DEBUG org.hibernate.type.BasicTypeRegistry - Adding type registration character_nchar -> org.hibernate.type.BasicTypeReference@491cc0eb
2025-03-28 06:32:34 [main] DEBUG org.hibernate.type.BasicTypeRegistry - Adding type registration string -> org.hibernate.type.BasicTypeReference@727f36dd
2025-03-28 06:32:34 [main] DEBUG org.hibernate.type.BasicTypeRegistry - Adding type registration java.lang.String -> org.hibernate.type.BasicTypeReference@727f36dd
2025-03-28 06:32:34 [main] DEBUG org.hibernate.type.BasicTypeRegistry - Adding type registration nstring -> org.hibernate.type.BasicTypeReference@ae74eef
2025-03-28 06:32:34 [main] DEBUG org.hibernate.type.BasicTypeRegistry - Adding type registration characters -> org.hibernate.type.BasicTypeReference@2553dcc0
2025-03-28 06:32:34 [main] DEBUG org.hibernate.type.BasicTypeRegistry - Adding type registration char[] -> org.hibernate.type.BasicTypeReference@2553dcc0
2025-03-28 06:32:34 [main] DEBUG org.hibernate.type.BasicTypeRegistry - Adding type registration [C -> org.hibernate.type.BasicTypeReference@2553dcc0
2025-03-28 06:32:34 [main] DEBUG org.hibernate.type.BasicTypeRegistry - Adding type registration wrapper-characters -> org.hibernate.type.BasicTypeReference@2e91cf69
2025-03-28 06:32:34 [main] DEBUG org.hibernate.type.BasicTypeRegistry - Adding type registration text -> org.hibernate.type.BasicTypeReference@746e534
2025-03-28 06:32:34 [main] DEBUG org.hibernate.type.BasicTypeRegistry - Adding type registration ntext -> org.hibernate.type.BasicTypeReference@37665305
2025-03-28 06:32:34 [main] DEBUG org.hibernate.type.BasicTypeRegistry - Adding type registration clob -> org.hibernate.type.BasicTypeReference@c683cf5
2025-03-28 06:32:34 [main] DEBUG org.hibernate.type.BasicTypeRegistry - Adding type registration java.sql.Clob -> org.hibernate.type.BasicTypeReference@c683cf5
2025-03-28 06:32:34 [main] DEBUG org.hibernate.type.BasicTypeRegistry - Adding type registration nclob -> org.hibernate.type.BasicTypeReference@1cfd6f63
2025-03-28 06:32:34 [main] DEBUG org.hibernate.type.BasicTypeRegistry - Adding type registration java.sql.NClob -> org.hibernate.type.BasicTypeReference@1cfd6f63
2025-03-28 06:32:34 [main] DEBUG org.hibernate.type.BasicTypeRegistry - Adding type registration materialized_clob -> org.hibernate.type.BasicTypeReference@1906f982
2025-03-28 06:32:34 [main] DEBUG org.hibernate.type.BasicTypeRegistry - Adding type registration materialized_clob_char_array -> org.hibernate.type.BasicTypeReference@5444f1c3
2025-03-28 06:32:34 [main] DEBUG org.hibernate.type.BasicTypeRegistry - Adding type registration materialized_clob_character_array -> org.hibernate.type.BasicTypeReference@6a5c2d2d
2025-03-28 06:32:34 [main] DEBUG org.hibernate.type.BasicTypeRegistry - Adding type registration materialized_nclob -> org.hibernate.type.BasicTypeReference@1dadd172
2025-03-28 06:32:34 [main] DEBUG org.hibernate.type.BasicTypeRegistry - Adding type registration materialized_nclob_character_array -> org.hibernate.type.BasicTypeReference@33c9f1ac
2025-03-28 06:32:34 [main] DEBUG org.hibernate.type.BasicTypeRegistry - Adding type registration materialized_nclob_char_array -> org.hibernate.type.BasicTypeReference@4070c4ff
2025-03-28 06:32:34 [main] DEBUG org.hibernate.type.BasicTypeRegistry - Adding type registration Duration -> org.hibernate.type.BasicTypeReference@4bceac99
2025-03-28 06:32:34 [main] DEBUG org.hibernate.type.BasicTypeRegistry - Adding type registration java.time.Duration -> org.hibernate.type.BasicTypeReference@4bceac99
2025-03-28 06:32:34 [main] DEBUG org.hibernate.type.BasicTypeRegistry - Adding type registration LocalDateTime -> org.hibernate.type.BasicTypeReference@442310fd
2025-03-28 06:32:34 [main] DEBUG org.hibernate.type.BasicTypeRegistry - Adding type registration java.time.LocalDateTime -> org.hibernate.type.BasicTypeReference@442310fd
2025-03-28 06:32:34 [main] DEBUG org.hibernate.type.BasicTypeRegistry - Adding type registration LocalDate -> org.hibernate.type.BasicTypeReference@23263ba
2025-03-28 06:32:34 [main] DEBUG org.hibernate.type.BasicTypeRegistry - Adding type registration java.time.LocalDate -> org.hibernate.type.BasicTypeReference@23263ba
2025-03-28 06:32:34 [main] DEBUG org.hibernate.type.BasicTypeRegistry - Adding type registration LocalTime -> org.hibernate.type.BasicTypeReference@3ca6bd01
2025-03-28 06:32:34 [main] DEBUG org.hibernate.type.BasicTypeRegistry - Adding type registration java.time.LocalTime -> org.hibernate.type.BasicTypeReference@3ca6bd01
2025-03-28 06:32:34 [main] DEBUG org.hibernate.type.BasicTypeRegistry - Adding type registration OffsetDateTime -> org.hibernate.type.BasicTypeReference@5acd7d1c
2025-03-28 06:32:34 [main] DEBUG org.hibernate.type.BasicTypeRegistry - Adding type registration java.time.OffsetDateTime -> org.hibernate.type.BasicTypeReference@5acd7d1c
2025-03-28 06:32:34 [main] DEBUG org.hibernate.type.BasicTypeRegistry - Adding type registration OffsetDateTimeWithTimezone -> org.hibernate.type.BasicTypeReference@6b52a40
2025-03-28 06:32:34 [main] DEBUG org.hibernate.type.BasicTypeRegistry - Adding type registration OffsetDateTimeWithoutTimezone -> org.hibernate.type.BasicTypeReference@178ba69f
2025-03-28 06:32:34 [main] DEBUG org.hibernate.type.BasicTypeRegistry - Adding type registration OffsetTime -> org.hibernate.type.BasicTypeReference@2f58f492
2025-03-28 06:32:34 [main] DEBUG org.hibernate.type.BasicTypeRegistry - Adding type registration java.time.OffsetTime -> org.hibernate.type.BasicTypeReference@2f58f492
2025-03-28 06:32:34 [main] DEBUG org.hibernate.type.BasicTypeRegistry - Adding type registration OffsetTimeUtc -> org.hibernate.type.BasicTypeReference@903c13
2025-03-28 06:32:34 [main] DEBUG org.hibernate.type.BasicTypeRegistry - Adding type registration OffsetTimeWithTimezone -> org.hibernate.type.BasicTypeReference@4ae5ddc0
2025-03-28 06:32:34 [main] DEBUG org.hibernate.type.BasicTypeRegistry - Adding type registration OffsetTimeWithoutTimezone -> org.hibernate.type.BasicTypeReference@36ab69d9
2025-03-28 06:32:34 [main] DEBUG org.hibernate.type.BasicTypeRegistry - Adding type registration ZonedDateTime -> org.hibernate.type.BasicTypeReference@5ebfe7fa
2025-03-28 06:32:34 [main] DEBUG org.hibernate.type.BasicTypeRegistry - Adding type registration java.time.ZonedDateTime -> org.hibernate.type.BasicTypeReference@5ebfe7fa
2025-03-28 06:32:34 [main] DEBUG org.hibernate.type.BasicTypeRegistry - Adding type registration ZonedDateTimeWithTimezone -> org.hibernate.type.BasicTypeReference@5f4e389a
2025-03-28 06:32:34 [main] DEBUG org.hibernate.type.BasicTypeRegistry - Adding type registration ZonedDateTimeWithoutTimezone -> org.hibernate.type.BasicTypeReference@3ba1f56e
2025-03-28 06:32:34 [main] DEBUG org.hibernate.type.BasicTypeRegistry - Adding type registration date -> org.hibernate.type.BasicTypeReference@56a9b662
2025-03-28 06:32:34 [main] DEBUG org.hibernate.type.BasicTypeRegistry - Adding type registration java.sql.Date -> org.hibernate.type.BasicTypeReference@56a9b662
2025-03-28 06:32:34 [main] DEBUG org.hibernate.type.BasicTypeRegistry - Adding type registration time -> org.hibernate.type.BasicTypeReference@59ac77f9
2025-03-28 06:32:34 [main] DEBUG org.hibernate.type.BasicTypeRegistry - Adding type registration java.sql.Time -> org.hibernate.type.BasicTypeReference@59ac77f9
2025-03-28 06:32:34 [main] DEBUG org.hibernate.type.BasicTypeRegistry - Adding type registration timestamp -> org.hibernate.type.BasicTypeReference@6d92e327
2025-03-28 06:32:34 [main] DEBUG org.hibernate.type.BasicTypeRegistry - Adding type registration java.sql.Timestamp -> org.hibernate.type.BasicTypeReference@6d92e327
2025-03-28 06:32:34 [main] DEBUG org.hibernate.type.BasicTypeRegistry - Adding type registration java.util.Date -> org.hibernate.type.BasicTypeReference@6d92e327
2025-03-28 06:32:34 [main] DEBUG org.hibernate.type.BasicTypeRegistry - Adding type registration calendar -> org.hibernate.type.BasicTypeReference@76134251
2025-03-28 06:32:34 [main] DEBUG org.hibernate.type.BasicTypeRegistry - Adding type registration java.util.Calendar -> org.hibernate.type.BasicTypeReference@76134251
2025-03-28 06:32:34 [main] DEBUG org.hibernate.type.BasicTypeRegistry - Adding type registration java.util.GregorianCalendar -> org.hibernate.type.BasicTypeReference@76134251
2025-03-28 06:32:34 [main] DEBUG org.hibernate.type.BasicTypeRegistry - Adding type registration calendar_date -> org.hibernate.type.BasicTypeReference@4177d422
2025-03-28 06:32:34 [main] DEBUG org.hibernate.type.BasicTypeRegistry - Adding type registration calendar_time -> org.hibernate.type.BasicTypeReference@12f3fcd
2025-03-28 06:32:34 [main] DEBUG org.hibernate.type.BasicTypeRegistry - Adding type registration instant -> org.hibernate.type.BasicTypeReference@6dc2e473
2025-03-28 06:32:34 [main] DEBUG org.hibernate.type.BasicTypeRegistry - Adding type registration java.time.Instant -> org.hibernate.type.BasicTypeReference@6dc2e473
2025-03-28 06:32:34 [main] DEBUG org.hibernate.type.BasicTypeRegistry - Adding type registration uuid -> org.hibernate.type.BasicTypeReference@12ebfb2d
2025-03-28 06:32:34 [main] DEBUG org.hibernate.type.BasicTypeRegistry - Adding type registration java.util.UUID -> org.hibernate.type.BasicTypeReference@12ebfb2d
2025-03-28 06:32:34 [main] DEBUG org.hibernate.type.BasicTypeRegistry - Adding type registration pg-uuid -> org.hibernate.type.BasicTypeReference@12ebfb2d
2025-03-28 06:32:34 [main] DEBUG org.hibernate.type.BasicTypeRegistry - Adding type registration uuid-binary -> org.hibernate.type.BasicTypeReference@1abf951a
2025-03-28 06:32:34 [main] DEBUG org.hibernate.type.BasicTypeRegistry - Adding type registration uuid-char -> org.hibernate.type.BasicTypeReference@629600d7
2025-03-28 06:32:34 [main] DEBUG org.hibernate.type.BasicTypeRegistry - Adding type registration class -> org.hibernate.type.BasicTypeReference@180d918a
2025-03-28 06:32:34 [main] DEBUG org.hibernate.type.BasicTypeRegistry - Adding type registration java.lang.Class -> org.hibernate.type.BasicTypeReference@180d918a
2025-03-28 06:32:34 [main] DEBUG org.hibernate.type.BasicTypeRegistry - Adding type registration currency -> org.hibernate.type.BasicTypeReference@33837bd4
2025-03-28 06:32:34 [main] DEBUG org.hibernate.type.BasicTypeRegistry - Adding type registration Currency -> org.hibernate.type.BasicTypeReference@33837bd4
2025-03-28 06:32:34 [main] DEBUG org.hibernate.type.BasicTypeRegistry - Adding type registration java.util.Currency -> org.hibernate.type.BasicTypeReference@33837bd4
2025-03-28 06:32:34 [main] DEBUG org.hibernate.type.BasicTypeRegistry - Adding type registration locale -> org.hibernate.type.BasicTypeReference@61c145cb
2025-03-28 06:32:34 [main] DEBUG org.hibernate.type.BasicTypeRegistry - Adding type registration java.util.Locale -> org.hibernate.type.BasicTypeReference@61c145cb
2025-03-28 06:32:34 [main] DEBUG org.hibernate.type.BasicTypeRegistry - Adding type registration serializable -> org.hibernate.type.BasicTypeReference@153409b8
2025-03-28 06:32:34 [main] DEBUG org.hibernate.type.BasicTypeRegistry - Adding type registration java.io.Serializable -> org.hibernate.type.BasicTypeReference@153409b8
2025-03-28 06:32:34 [main] DEBUG org.hibernate.type.BasicTypeRegistry - Adding type registration timezone -> org.hibernate.type.BasicTypeReference@511bfbb0
2025-03-28 06:32:34 [main] DEBUG org.hibernate.type.BasicTypeRegistry - Adding type registration java.util.TimeZone -> org.hibernate.type.BasicTypeReference@511bfbb0
2025-03-28 06:32:34 [main] DEBUG org.hibernate.type.BasicTypeRegistry - Adding type registration ZoneOffset -> org.hibernate.type.BasicTypeReference@79ee779c
2025-03-28 06:32:34 [main] DEBUG org.hibernate.type.BasicTypeRegistry - Adding type registration java.time.ZoneOffset -> org.hibernate.type.BasicTypeReference@79ee779c
2025-03-28 06:32:34 [main] DEBUG org.hibernate.type.BasicTypeRegistry - Adding type registration url -> org.hibernate.type.BasicTypeReference@27a6384b
2025-03-28 06:32:34 [main] DEBUG org.hibernate.type.BasicTypeRegistry - Adding type registration java.net.URL -> org.hibernate.type.BasicTypeReference@27a6384b
2025-03-28 06:32:34 [main] DEBUG org.hibernate.type.BasicTypeRegistry - Adding type registration vector -> org.hibernate.type.BasicTypeReference@29ee8174
2025-03-28 06:32:34 [main] DEBUG org.hibernate.type.BasicTypeRegistry - Adding type registration float_vector -> org.hibernate.type.BasicTypeReference@23365142
2025-03-28 06:32:34 [main] DEBUG org.hibernate.type.BasicTypeRegistry - Adding type registration double_vector -> org.hibernate.type.BasicTypeReference@6549ce71
2025-03-28 06:32:34 [main] DEBUG org.hibernate.type.BasicTypeRegistry - Adding type registration byte_vector -> org.hibernate.type.BasicTypeReference@733bd6f3
2025-03-28 06:32:34 [main] DEBUG org.hibernate.type.BasicTypeRegistry - Adding type registration row_version -> org.hibernate.type.BasicTypeReference@2e030cc1
2025-03-28 06:32:34 [main] DEBUG org.hibernate.type.BasicTypeRegistry - Adding type registration object -> org.hibernate.type.JavaObjectType@6b630d4b
2025-03-28 06:32:34 [main] DEBUG org.hibernate.type.BasicTypeRegistry - Adding type registration java.lang.Object -> org.hibernate.type.JavaObjectType@6b630d4b
2025-03-28 06:32:34 [main] DEBUG org.hibernate.type.BasicTypeRegistry - Adding type registration null -> org.hibernate.type.NullType@2e057637
2025-03-28 06:32:34 [main] DEBUG org.hibernate.type.BasicTypeRegistry - Adding type registration imm_date -> org.hibernate.type.BasicTypeReference@762f8ff6
[...]
2025-03-28 06:32:57 [main] DEBUG org.apache.http.headers - << Report-To: {"group":"heroku-nel","max_age":3600,"endpoints":[{"url":"https://nel.heroku.com/reports?ts=1743157976&sid=c46efe9b-d3d2-4a0c-8c76-bfafa16c5add&s=753PczuP7Zf9zcuLVCu0uBodOv3BOXIsJrm4LKoGI%2Fo%3D"}]}
2025-03-28 06:32:57 [main] DEBUG org.apache.http.headers - << Reporting-Endpoints: heroku-nel=https://nel.heroku.com/reports?ts=1743157976&sid=c46efe9b-d3d2-4a0c-8c76-bfafa16c5add&s=753PczuP7Zf9zcuLVCu0uBodOv3BOXIsJrm4LKoGI%2Fo%3D
2025-03-28 06:32:57 [main] DEBUG org.apache.http.headers - << Nel: {"report_to":"heroku-nel","max_age":3600,"success_fraction":0.005,"failure_fraction":0.05,"response_headers":["Via"]}
2025-03-28 06:32:57 [main] DEBUG org.apache.http.headers - << Connection: keep-alive
2025-03-28 06:32:57 [main] DEBUG org.apache.http.headers - << X-Powered-By: Express
2025-03-28 06:32:57 [main] DEBUG org.apache.http.headers - << Content-Type: application/json; charset=utf-8
2025-03-28 06:32:57 [main] DEBUG org.apache.http.headers - << Content-Length: 166
2025-03-28 06:32:57 [main] DEBUG org.apache.http.headers - << Etag: W/"a6-eRdbBZwr/UinyejIGaQSRLl0tZ0"
2025-03-28 06:32:57 [main] DEBUG org.apache.http.headers - << Date: Fri, 28 Mar 2025 10:32:56 GMT
2025-03-28 06:32:57 [main] DEBUG org.apache.http.headers - << Via: 1.1 vegur
2025-03-28 06:32:57 [main] DEBUG org.apache.http.impl.client.DefaultHttpClient - Connection can be kept alive indefinitely
2025-03-28 06:32:57 [main] DEBUG io.restassured.internal.RestAssuredHttpBuilder - Parsing response as: application/json; charset=utf-8
2025-03-28 06:32:57 [main] DEBUG io.restassured.internal.RestAssuredHttpBuilder - Parsed data to instance of: class org.apache.http.conn.EofSensorInputStream
2025-03-28 06:32:57 [main] DEBUG org.apache.http.wire -  << "{"firstname":"James","lastname":"Sam","totalprice":500,"depositpaid":false,"bookingdates":{"checkin":"2028-01-01","checkout":"2029-01-01"},"additionalneeds":"Dinner"}"
2025-03-28 06:32:57 [main] DEBUG org.apache.http.impl.conn.BasicClientConnectionManager - Releasing connection org.apache.http.impl.conn.ManagedClientConnectionImpl@3f4b52fa
2025-03-28 06:32:57 [main] DEBUG org.apache.http.impl.conn.BasicClientConnectionManager - Connection can be kept alive indefinitely
HTTP/1.1 200 OK
Server: Cowboy
Report-To: {"group":"heroku-nel","max_age":3600,"endpoints":[{"url":"https://nel.heroku.com/reports?ts=1743157976&sid=c46efe9b-d3d2-4a0c-8c76-bfafa16c5add&s=753PczuP7Zf9zcuLVCu0uBodOv3BOXIsJrm4LKoGI%2Fo%3D"}]}
Reporting-Endpoints: heroku-nel=https://nel.heroku.com/reports?ts=1743157976&sid=c46efe9b-d3d2-4a0c-8c76-bfafa16c5add&s=753PczuP7Zf9zcuLVCu0uBodOv3BOXIsJrm4LKoGI%2Fo%3D
Nel: {"report_to":"heroku-nel","max_age":3600,"success_fraction":0.005,"failure_fraction":0.05,"response_headers":["Via"]}
Connection: keep-alive
X-Powered-By: Express
Content-Type: application/json; charset=utf-8
Content-Length: 166
Etag: W/"a6-eRdbBZwr/UinyejIGaQSRLl0tZ0"
Date: Fri, 28 Mar 2025 10:32:56 GMT
Via: 1.1 vegur

{
    "firstname": "James",
    "lastname": "Sam",
    "totalprice": 500,
    "depositpaid": false,
    "bookingdates": {
        "checkin": "2028-01-01",
        "checkout": "2029-01-01"
    },
    "additionalneeds": "Dinner"
}
2025-03-28 06:32:57 [main] INFO  com.sb.auto.OrangeHRMSpringBootAutomation.api.BookingAPITest - Response of Update Booking API for particular ID {"firstname":"James","lastname":"Sam","totalprice":500,"depositpaid":false,"bookingdates":{"checkin":"2028-01-01","checkout":"2029-01-01"},"additionalneeds":"Dinner"}
2025-03-28 06:32:57 [main] DEBUG org.springframework.test.context.cache - Spring test ApplicationContext cache statistics: [DefaultContextCache@17e725fb size = 1, maxSize = 32, parentContextCount = 0, hitCount = 115, missCount = 1, failureCount = 0]
2025-03-28 06:32:57 [main] INFO  com.sb.auto.OrangeHRMSpringBootAutomation.framework.listener.TestMethodListener - ? After Method: updateBookingTest
2025-03-28 06:32:57 [main] INFO  com.sb.auto.OrangeHRMSpringBootAutomation.framework.listener.TestListener - ? Test Passed: updateBookingTest
]]></system-out>
  </testcase>
  <testcase name="deleteBookingTest" classname="com.sb.auto.OrangeHRMSpringBootAutomation.api.BookingAPITest" time="1.5">
    <system-out><![CDATA[2025-03-28 06:32:57 [rp-io-14] DEBUG com.epam.reportportal.service.Launch - Starting test item...rp-io-14
2025-03-28 06:32:57 [main] INFO  com.sb.auto.OrangeHRMSpringBootAutomation.framework.listener.TestMethodListener - ? Before Method: springTestContextAfterTestMethod
2025-03-28 06:32:57 [rp-io-8] DEBUG com.epam.reportportal.service.Launch - Accepted finish request for test item ID = 65a2e682-ed26-47fe-9728-165e41398782
2025-03-28 06:32:57 [rp-io-8] DEBUG com.epam.reportportal.utils.SubscriptionUtils - Finish test item completed
2025-03-28 06:32:57 [main] DEBUG org.springframework.test.context.cache - Spring test ApplicationContext cache statistics: [DefaultContextCache@17e725fb size = 1, maxSize = 32, parentContextCount = 0, hitCount = 116, missCount = 1, failureCount = 0]
2025-03-28 06:32:57 [main] DEBUG org.springframework.test.context.cache - Spring test ApplicationContext cache statistics: [DefaultContextCache@17e725fb size = 1, maxSize = 32, parentContextCount = 0, hitCount = 117, missCount = 1, failureCount = 0]
2025-03-28 06:32:57 [main] DEBUG org.springframework.test.context.cache - Spring test ApplicationContext cache statistics: [DefaultContextCache@17e725fb size = 1, maxSize = 32, parentContextCount = 0, hitCount = 118, missCount = 1, failureCount = 0]
2025-03-28 06:32:57 [rp-io-92] DEBUG com.epam.reportportal.service.Launch - ReportPortal item with ID '17ea2c3d-d6d6-4296-a03e-90bcd0f59ed9' has been created
2025-03-28 06:32:57 [rp-io-92] DEBUG com.epam.reportportal.utils.SubscriptionUtils - Start test item successfully completed
2025-03-28 06:32:57 [main] DEBUG org.springframework.test.context.cache - Spring test ApplicationContext cache statistics: [DefaultContextCache@17e725fb size = 1, maxSize = 32, parentContextCount = 0, hitCount = 119, missCount = 1, failureCount = 0]
2025-03-28 06:32:57 [main] DEBUG org.springframework.test.context.cache - Spring test ApplicationContext cache statistics: [DefaultContextCache@17e725fb size = 1, maxSize = 32, parentContextCount = 0, hitCount = 120, missCount = 1, failureCount = 0]
2025-03-28 06:32:57 [main] DEBUG org.springframework.test.context.cache - Spring test ApplicationContext cache statistics: [DefaultContextCache@17e725fb size = 1, maxSize = 32, parentContextCount = 0, hitCount = 121, missCount = 1, failureCount = 0]
2025-03-28 06:32:57 [main] DEBUG org.springframework.test.context.support.DirtiesContextTestExecutionListener - After test method: class [BookingAPITest], method [updateBookingTest], class annotated with @DirtiesContext [false] with mode [null], method annotated with @DirtiesContext [false] with mode [null]
2025-03-28 06:32:57 [main] DEBUG org.springframework.test.context.web.ServletTestExecutionListener - Resetting RequestContextHolder for test class com.sb.auto.OrangeHRMSpringBootAutomation.api.BookingAPITest
2025-03-28 06:32:57 [main] INFO  com.sb.auto.OrangeHRMSpringBootAutomation.framework.listener.TestMethodListener - ? After Method: springTestContextAfterTestMethod
2025-03-28 06:32:57 [rp-io-13] DEBUG com.epam.reportportal.service.Launch - Starting test item...rp-io-13
2025-03-28 06:32:57 [main] INFO  com.sb.auto.OrangeHRMSpringBootAutomation.framework.listener.TestMethodListener - ? Before Method: springTestContextBeforeTestMethod
2025-03-28 06:32:57 [main] DEBUG org.springframework.test.context.cache - Spring test ApplicationContext cache statistics: [DefaultContextCache@17e725fb size = 1, maxSize = 32, parentContextCount = 0, hitCount = 122, missCount = 1, failureCount = 0]
2025-03-28 06:32:57 [main] DEBUG org.springframework.test.context.web.ServletTestExecutionListener - Setting up MockHttpServletRequest, MockHttpServletResponse, ServletWebRequest, and RequestContextHolder for test class com.sb.auto.OrangeHRMSpringBootAutomation.api.BookingAPITest
2025-03-28 06:32:57 [main] DEBUG org.springframework.test.context.support.DirtiesContextBeforeModesTestExecutionListener - Before test method: class [BookingAPITest], method [deleteBookingTest], class annotated with @DirtiesContext [false] with mode [null], method annotated with @DirtiesContext [false] with mode [null]
2025-03-28 06:32:57 [main] DEBUG org.springframework.test.context.support.DependencyInjectionTestExecutionListener - Reinjecting dependencies for test class com.sb.auto.OrangeHRMSpringBootAutomation.api.BookingAPITest
2025-03-28 06:32:57 [rp-io-99] DEBUG com.epam.reportportal.service.Launch - Accepted finish request for test item ID = 17ea2c3d-d6d6-4296-a03e-90bcd0f59ed9
2025-03-28 06:32:57 [main] DEBUG org.springframework.test.context.cache - Spring test ApplicationContext cache statistics: [DefaultContextCache@17e725fb size = 1, maxSize = 32, parentContextCount = 0, hitCount = 123, missCount = 1, failureCount = 0]
2025-03-28 06:32:57 [rp-io-99] DEBUG com.epam.reportportal.utils.SubscriptionUtils - Finish test item completed
2025-03-28 06:32:57 [main] DEBUG org.springframework.test.context.cache - Spring test ApplicationContext cache statistics: [DefaultContextCache@17e725fb size = 1, maxSize = 32, parentContextCount = 0, hitCount = 124, missCount = 1, failureCount = 0]
2025-03-28 06:32:57 [main] DEBUG org.springframework.test.context.cache - Spring test ApplicationContext cache statistics: [DefaultContextCache@17e725fb size = 1, maxSize = 32, parentContextCount = 0, hitCount = 125, missCount = 1, failureCount = 0]
2025-03-28 06:32:57 [main] DEBUG org.springframework.test.context.cache - Spring test ApplicationContext cache statistics: [DefaultContextCache@17e725fb size = 1, maxSize = 32, parentContextCount = 0, hitCount = 126, missCount = 1, failureCount = 0]
2025-03-28 06:32:57 [rp-io-13] DEBUG com.epam.reportportal.service.Launch - ReportPortal item with ID '1d7eac6f-8258-4c82-a661-d9e6c80ae9b3' has been created
2025-03-28 06:32:57 [rp-io-13] DEBUG com.epam.reportportal.utils.SubscriptionUtils - Start test item successfully completed
2025-03-28 06:32:57 [main] INFO  com.sb.auto.OrangeHRMSpringBootAutomation.framework.listener.TestMethodListener - ? After Method: springTestContextBeforeTestMethod
2025-03-28 06:32:57 [rp-io-28] DEBUG com.epam.reportportal.service.Launch - Starting test item...rp-io-28
2025-03-28 06:32:57 [main] INFO  com.sb.auto.OrangeHRMSpringBootAutomation.framework.listener.TestListener - ? Test Started: deleteBookingTest
2025-03-28 06:32:57 [main] INFO  com.sb.auto.OrangeHRMSpringBootAutomation.framework.listener.TestMethodListener - ? Before Method: deleteBookingTest
2025-03-28 06:32:57 [main] DEBUG org.springframework.test.context.cache - Spring test ApplicationContext cache statistics: [DefaultContextCache@17e725fb size = 1, maxSize = 32, parentContextCount = 0, hitCount = 127, missCount = 1, failureCount = 0]
2025-03-28 06:32:57 [rp-io-7] DEBUG com.epam.reportportal.service.Launch - Accepted finish request for test item ID = 1d7eac6f-8258-4c82-a661-d9e6c80ae9b3
2025-03-28 06:32:57 [rp-io-7] DEBUG com.epam.reportportal.utils.SubscriptionUtils - Finish test item completed
Request method:	DELETE
Request URI:	https://restful-booker.herokuapp.com/booking/1
Proxy:			<none>
Request params:	<none>
Query params:	<none>
Form params:	<none>
Path params:	<none>
Headers:		Authorization=Basic YWRtaW46cGFzc3dvcmQxMjM=
				Accept=application/json
				Content-Type=application/json
Cookies:		<none>
Multiparts:		<none>
Body:			<none>
2025-03-28 06:32:57 [main] DEBUG org.apache.http.impl.conn.BasicClientConnectionManager - Get connection for route {s}->https://restful-booker.herokuapp.com:443
2025-03-28 06:32:57 [main] DEBUG org.apache.http.impl.conn.DefaultClientConnectionOperator - Connecting to restful-booker.herokuapp.com:443
2025-03-28 06:32:57 [rp-io-28] DEBUG com.epam.reportportal.service.Launch - ReportPortal item with ID '6bca13c6-9e44-4095-9a46-119acd6fd884' has been created
2025-03-28 06:32:57 [rp-io-28] DEBUG com.epam.reportportal.utils.SubscriptionUtils - Start test item successfully completed
2025-03-28 06:32:58 [main] DEBUG org.apache.http.client.protocol.RequestAddCookies - CookieSpec selected: ignoreCookies
2025-03-28 06:32:58 [main] DEBUG org.apache.http.client.protocol.RequestAuthCache - Auth cache not set in the context
2025-03-28 06:32:58 [main] DEBUG org.apache.http.client.protocol.RequestProxyAuthentication - Proxy auth state: UNCHALLENGED
2025-03-28 06:32:58 [main] DEBUG org.apache.http.impl.client.DefaultHttpClient - Attempt 1 to execute request
2025-03-28 06:32:58 [main] DEBUG org.apache.http.impl.conn.DefaultClientConnection - Sending request: DELETE /booking/1 HTTP/1.1
2025-03-28 06:32:58 [main] DEBUG org.apache.http.wire -  >> "DELETE /booking/1 HTTP/1.1[\r][\n]"
2025-03-28 06:32:58 [main] DEBUG org.apache.http.wire -  >> "Content-Type: application/json[\r][\n]"
2025-03-28 06:32:58 [main] DEBUG org.apache.http.wire -  >> "Authorization: Basic YWRtaW46cGFzc3dvcmQxMjM=[\r][\n]"
2025-03-28 06:32:58 [main] DEBUG org.apache.http.wire -  >> "Accept: application/json[\r][\n]"
2025-03-28 06:32:58 [main] DEBUG org.apache.http.wire -  >> "Host: restful-booker.herokuapp.com[\r][\n]"
2025-03-28 06:32:58 [main] DEBUG org.apache.http.wire -  >> "Connection: Keep-Alive[\r][\n]"
2025-03-28 06:32:58 [main] DEBUG org.apache.http.wire -  >> "User-Agent: Apache-HttpClient/4.5.13 (Java/17.0.13)[\r][\n]"
2025-03-28 06:32:58 [main] DEBUG org.apache.http.wire -  >> "Accept-Encoding: gzip,deflate[\r][\n]"
2025-03-28 06:32:58 [main] DEBUG org.apache.http.wire -  >> "[\r][\n]"
2025-03-28 06:32:58 [main] DEBUG org.apache.http.headers - >> DELETE /booking/1 HTTP/1.1
2025-03-28 06:32:58 [main] DEBUG org.apache.http.headers - >> Content-Type: application/json
2025-03-28 06:32:58 [main] DEBUG org.apache.http.headers - >> Authorization: Basic YWRtaW46cGFzc3dvcmQxMjM=
2025-03-28 06:32:58 [main] DEBUG org.apache.http.headers - >> Accept: application/json
2025-03-28 06:32:58 [main] DEBUG org.apache.http.headers - >> Host: restful-booker.herokuapp.com
2025-03-28 06:32:58 [main] DEBUG org.apache.http.headers - >> Connection: Keep-Alive
2025-03-28 06:32:58 [main] DEBUG org.apache.http.headers - >> User-Agent: Apache-HttpClient/4.5.13 (Java/17.0.13)
2025-03-28 06:32:58 [main] DEBUG org.apache.http.headers - >> Accept-Encoding: gzip,deflate
2025-03-28 06:32:59 [main] DEBUG org.apache.http.wire -  << "HTTP/1.1 201 Created[\r][\n]"
2025-03-28 06:32:59 [main] DEBUG org.apache.http.wire -  << "Server: Cowboy[\r][\n]"
2025-03-28 06:32:59 [main] DEBUG org.apache.http.wire -  << "Report-To: {"group":"heroku-nel","max_age":3600,"endpoints":[{"url":"https://nel.heroku.com/reports?ts=1743157978&sid=c46efe9b-d3d2-4a0c-8c76-bfafa16c5add&s=kGhQjhSjegxlP6S53PnuGwoDaLH041OVNTNbSQJX8LQ%3D"}]}[\r][\n]"
2025-03-28 06:32:59 [main] DEBUG org.apache.http.wire -  << "Reporting-Endpoints: heroku-nel=https://nel.heroku.com/reports?ts=1743157978&sid=c46efe9b-d3d2-4a0c-8c76-bfafa16c5add&s=kGhQjhSjegxlP6S53PnuGwoDaLH041OVNTNbSQJX8LQ%3D[\r][\n]"
2025-03-28 06:32:59 [main] DEBUG org.apache.http.wire -  << "Nel: {"report_to":"heroku-nel","max_age":3600,"success_fraction":0.005,"failure_fraction":0.05,"response_headers":["Via"]}[\r][\n]"
2025-03-28 06:32:59 [main] DEBUG org.apache.http.wire -  << "Connection: keep-alive[\r][\n]"
2025-03-28 06:32:59 [main] DEBUG org.apache.http.wire -  << "X-Powered-By: Express[\r][\n]"
2025-03-28 06:32:59 [main] DEBUG org.apache.http.wire -  << "Content-Type: text/plain; charset=utf-8[\r][\n]"
2025-03-28 06:32:59 [main] DEBUG org.apache.http.wire -  << "Content-Length: 7[\r][\n]"
2025-03-28 06:32:59 [main] DEBUG org.apache.http.wire -  << "Etag: W/"7-rM9AyJuqT6iOan/xHh+AW+7K/T8"[\r][\n]"
2025-03-28 06:32:59 [main] DEBUG org.apache.http.wire -  << "Date: Fri, 28 Mar 2025 10:32:58 GMT[\r][\n]"
2025-03-28 06:32:59 [main] DEBUG org.apache.http.wire -  << "Via: 1.1 vegur[\r][\n]"
2025-03-28 06:32:59 [main] DEBUG org.apache.http.wire -  << "[\r][\n]"
2025-03-28 06:32:59 [main] DEBUG org.apache.http.impl.conn.DefaultClientConnection - Receiving response: HTTP/1.1 201 Created
2025-03-28 06:32:59 [main] DEBUG org.apache.http.headers - << HTTP/1.1 201 Created
2025-03-28 06:32:59 [main] DEBUG org.apache.http.headers - << Server: Cowboy
2025-03-28 06:32:59 [main] DEBUG org.apache.http.headers - << Report-To: {"group":"heroku-nel","max_age":3600,"endpoints":[{"url":"https://nel.heroku.com/reports?ts=1743157978&sid=c46efe9b-d3d2-4a0c-8c76-bfafa16c5add&s=kGhQjhSjegxlP6S53PnuGwoDaLH041OVNTNbSQJX8LQ%3D"}]}
2025-03-28 06:32:59 [main] DEBUG org.apache.http.headers - << Reporting-Endpoints: heroku-nel=https://nel.heroku.com/reports?ts=1743157978&sid=c46efe9b-d3d2-4a0c-8c76-bfafa16c5add&s=kGhQjhSjegxlP6S53PnuGwoDaLH041OVNTNbSQJX8LQ%3D
2025-03-28 06:32:59 [main] DEBUG org.apache.http.headers - << Nel: {"report_to":"heroku-nel","max_age":3600,"success_fraction":0.005,"failure_fraction":0.05,"response_headers":["Via"]}
2025-03-28 06:32:59 [main] DEBUG org.apache.http.headers - << Connection: keep-alive
2025-03-28 06:32:59 [main] DEBUG org.apache.http.headers - << X-Powered-By: Express
2025-03-28 06:32:59 [main] DEBUG org.apache.http.headers - << Content-Type: text/plain; charset=utf-8
2025-03-28 06:32:59 [main] DEBUG org.apache.http.headers - << Content-Length: 7
2025-03-28 06:32:59 [main] DEBUG org.apache.http.headers - << Etag: W/"7-rM9AyJuqT6iOan/xHh+AW+7K/T8"
2025-03-28 06:32:59 [main] DEBUG org.apache.http.headers - << Date: Fri, 28 Mar 2025 10:32:58 GMT
2025-03-28 06:32:59 [main] DEBUG org.apache.http.headers - << Via: 1.1 vegur
2025-03-28 06:32:59 [main] DEBUG org.apache.http.impl.client.DefaultHttpClient - Connection can be kept alive indefinitely
2025-03-28 06:32:59 [main] DEBUG io.restassured.internal.RestAssuredHttpBuilder - Parsing response as: text/plain; charset=utf-8
2025-03-28 06:32:59 [main] DEBUG io.restassured.internal.RestAssuredHttpBuilder - Parsed data to instance of: class org.apache.http.conn.EofSensorInputStream
2025-03-28 06:32:59 [main] DEBUG org.apache.http.wire -  << "Created"
2025-03-28 06:32:59 [main] DEBUG org.apache.http.impl.conn.BasicClientConnectionManager - Releasing connection org.apache.http.impl.conn.ManagedClientConnectionImpl@659b0c20
2025-03-28 06:32:59 [main] DEBUG org.apache.http.impl.conn.BasicClientConnectionManager - Connection can be kept alive indefinitely
HTTP/1.1 201 Created
Server: Cowboy
Report-To: {"group":"heroku-nel","max_age":3600,"endpoints":[{"url":"https://nel.heroku.com/reports?ts=1743157978&sid=c46efe9b-d3d2-4a0c-8c76-bfafa16c5add&s=kGhQjhSjegxlP6S53PnuGwoDaLH041OVNTNbSQJX8LQ%3D"}]}
Reporting-Endpoints: heroku-nel=https://nel.heroku.com/reports?ts=1743157978&sid=c46efe9b-d3d2-4a0c-8c76-bfafa16c5add&s=kGhQjhSjegxlP6S53PnuGwoDaLH041OVNTNbSQJX8LQ%3D
Nel: {"report_to":"heroku-nel","max_age":3600,"success_fraction":0.005,"failure_fraction":0.05,"response_headers":["Via"]}
Connection: keep-alive
X-Powered-By: Express
Content-Type: text/plain; charset=utf-8
Content-Length: 7
Etag: W/"7-rM9AyJuqT6iOan/xHh+AW+7K/T8"
Date: Fri, 28 Mar 2025 10:32:58 GMT
Via: 1.1 vegur

Created
2025-03-28 06:32:59 [main] INFO  com.sb.auto.OrangeHRMSpringBootAutomation.api.BookingAPITest - Response of Delete Booking API for particular ID Created
2025-03-28 06:32:59 [main] DEBUG org.springframework.test.context.cache - Spring test ApplicationContext cache statistics: [DefaultContextCache@17e725fb size = 1, maxSize = 32, parentContextCount = 0, hitCount = 128, missCount = 1, failureCount = 0]
2025-03-28 06:32:59 [main] INFO  com.sb.auto.OrangeHRMSpringBootAutomation.framework.listener.TestMethodListener - ? After Method: deleteBookingTest
2025-03-28 06:32:59 [main] INFO  com.sb.auto.OrangeHRMSpringBootAutomation.framework.listener.TestListener - ? Test Passed: deleteBookingTest
]]></system-out>
  </testcase>
</testsuite>