<?xml version="1.0" encoding="UTF-8"?>
<testsuite xmlns:xsi="http://www.w3.org/2001/XMLSchema-instance" xsi:noNamespaceSchemaLocation="https://maven.apache.org/surefire/maven-surefire-plugin/xsd/surefire-test-report.xsd" version="3.0.2" name="com.sb.auto.OrangeHRMSpringBootAutomation.OrangeHrmSpringBootAutomationApplicationTests" time="22.852" tests="1" errors="0" skipped="0" failures="0">
  <properties>
[...]
</properties>
  <testcase name="contextLoads" classname="com.sb.auto.OrangeHRMSpringBootAutomation.OrangeHrmSpringBootAutomationApplicationTests" time="2.975">
    <system-out><![CDATA[02:34:00.657 [main] INFO org.springframework.test.context.support.AnnotationConfigContextLoaderUtils -- Could not detect default configuration classes for test class [com.sb.auto.OrangeHRMSpringBootAutomation.OrangeHrmSpringBootAutomationApplicationTests]: OrangeHrmSpringBootAutomationApplicationTests does not declare any static, non-private, non-final, nested classes annotated with @Configuration.
02:34:01.096 [main] INFO org.springframework.boot.test.context.SpringBootTestContextBootstrapper -- Found @SpringBootConfiguration com.sb.auto.OrangeHRMSpringBootAutomation.OrangeHrmSpringBootAutomationApplication for test class com.sb.auto.OrangeHRMSpringBootAutomation.OrangeHrmSpringBootAutomationApplicationTests

  .   ____          _            __ _ _
 /\\ / ___'_ __ _ _(_)_ __  __ _ \ \ \ \
( ( )\___ | '_ | '_| | '_ \/ _` | \ \ \ \
 \\/  ___)| |_)| | | | | || (_| |  ) ) ) )
  '  |____| .__|_| |_|_| |_\__, | / / / /
 =========|_|==============|___/=/_/_/_/

 :: Spring Boot ::                (v3.4.3)

2025-03-14T02:34:03.653-04:00  INFO 5356 --- [OrangeHRMSpringBootAutomation] [           main] eHrmSpringBootAutomationApplicationTests : Starting OrangeHrmSpringBootAutomationApplicationTests using Java 17.0.13 with PID 5356 (started by niraj in D:\Niraj\Work\Spring Boot UI API Automation\OrangeHRMSpringBootAutomation)
2025-03-14T02:34:03.658-04:00  INFO 5356 --- [OrangeHRMSpringBootAutomation] [           main] eHrmSpringBootAutomationApplicationTests : No active profile set, falling back to 1 default profile: "default"
2025-03-14T02:34:06.105-04:00  INFO 5356 --- [OrangeHRMSpringBootAutomation] [           main] .s.d.r.c.RepositoryConfigurationDelegate : Bootstrapping Spring Data JPA repositories in DEFAULT mode.
2025-03-14T02:34:06.287-04:00  INFO 5356 --- [OrangeHRMSpringBootAutomation] [           main] .s.d.r.c.RepositoryConfigurationDelegate : Finished Spring Data repository scanning in 80 ms. Found 0 JPA repository interfaces.
2025-03-14T02:34:08.826-04:00  INFO 5356 --- [OrangeHRMSpringBootAutomation] [           main] com.zaxxer.hikari.HikariDataSource       : HikariPool-1 - Starting...
2025-03-14T02:34:09.779-04:00  INFO 5356 --- [OrangeHRMSpringBootAutomation] [           main] com.zaxxer.hikari.pool.HikariPool        : HikariPool-1 - Added connection conn0: url=jdbc:h2:mem:661836c1-a52f-41df-b991-70f1392c4bad user=SA
2025-03-14T02:34:09.794-04:00  INFO 5356 --- [OrangeHRMSpringBootAutomation] [           main] com.zaxxer.hikari.HikariDataSource       : HikariPool-1 - Start completed.
2025-03-14T02:34:10.111-04:00  INFO 5356 --- [OrangeHRMSpringBootAutomation] [           main] o.hibernate.jpa.internal.util.LogHelper  : HHH000204: Processing PersistenceUnitInfo [name: default]
2025-03-14T02:34:10.337-04:00  INFO 5356 --- [OrangeHRMSpringBootAutomation] [           main] org.hibernate.Version                    : HHH000412: Hibernate ORM core version 6.6.8.Final
2025-03-14T02:34:10.457-04:00  INFO 5356 --- [OrangeHRMSpringBootAutomation] [           main] o.h.c.internal.RegionFactoryInitiator    : HHH000026: Second-level cache disabled
2025-03-14T02:34:11.297-04:00  INFO 5356 --- [OrangeHRMSpringBootAutomation] [           main] o.s.o.j.p.SpringPersistenceUnitInfo      : No LoadTimeWeaver setup: ignoring JPA class transformer
2025-03-14T02:34:11.515-04:00  INFO 5356 --- [OrangeHRMSpringBootAutomation] [           main] org.hibernate.orm.connections.pooling    : HHH10001005: Database info:
	Database JDBC URL [Connecting through datasource 'HikariDataSource (HikariPool-1)']
	Database driver: undefined/unknown
	Database version: 2.3.232
	Autocommit mode: undefined/unknown
	Isolation level: undefined/unknown
	Minimum pool size: undefined/unknown
	Maximum pool size: undefined/unknown
2025-03-14T02:34:13.406-04:00  INFO 5356 --- [OrangeHRMSpringBootAutomation] [           main] o.h.e.t.j.p.i.JtaPlatformInitiator       : HHH000489: No JTA platform available (set 'hibernate.transaction.jta.platform' to enable JTA platform integration)
2025-03-14T02:34:13.430-04:00  INFO 5356 --- [OrangeHRMSpringBootAutomation] [           main] j.LocalContainerEntityManagerFactoryBean : Initialized JPA EntityManagerFactory for persistence unit 'default'
2025-03-14T02:34:15.670-04:00  INFO 5356 --- [OrangeHRMSpringBootAutomation] [           main] i.g.bonigarcia.wdm.WebDriverManager      : Using chromedriver 134.0.6998.88 (resolved driver for Chrome 134)
2025-03-14T02:34:15.872-04:00  INFO 5356 --- [OrangeHRMSpringBootAutomation] [           main] i.g.bonigarcia.wdm.WebDriverManager      : Exporting webdriver.chrome.driver as C:\Users\niraj\.cache\selenium\chromedriver\win64\134.0.6998.88\chromedriver.exe
2025-03-14T02:34:18.185-04:00  WARN 5356 --- [OrangeHRMSpringBootAutomation] [           main] o.o.selenium.devtools.CdpVersionFinder   : Unable to find an exact match for CDP version 134, returning the closest version; found: 132; Please update to a Selenium version that supports CDP version 134
2025-03-14T02:34:19.650-04:00  INFO 5356 --- [OrangeHRMSpringBootAutomation] [           main] eHrmSpringBootAutomationApplicationTests : Started OrangeHrmSpringBootAutomationApplicationTests in 17.897 seconds (process running for 22.691)
]]></system-out>
  </testcase>
</testsuite>